<?xml version="1.0" encoding="UTF-8"?>
<!-- Generated by org.testng.reporters.JUnitXMLReporter -->
<testsuite ignored="0" hostname="DESKTOP-MMCCJ5V" failures="0" tests="5" name="Default test" time="319.559" errors="0" timestamp="2022-06-14T16:23:16 IST">
  <testcase classname="SRSproject.SRSproject.ProductDetailPageTest" name="PDP_RegisterRedirection_GuestValidation" time="67.182"/>
  <testcase classname="SRSproject.SRSproject.ProductDetailPageTest" name="AddingItemToCart" time="85.693"/>
  <testcase classname="SRSproject.SRSproject.ProductDetailPageTest" name="Recently_viewedItems_validation" time="137.253"/>
  <testcase classname="SRSproject.SRSproject.ProductDetailPageTest" name="RelatedProducts_validation" time="26.34"/>
  <testcase classname="SRSproject.SRSproject.ProductDetailPageTest" name="Adding_RelatedProduct_validation" time="3.063"/>
</testsuite> <!-- Default test -->
