<?xml version="1.0" encoding="UTF-8"?>
<!-- Generated by org.testng.reporters.JUnitXMLReporter -->
<testsuite hostname="DESKTOP-MMCCJ5V" ignored="0" name="Default test" tests="2" failures="0" timestamp="2022-05-17T16:52:49 IST" time="106.194" errors="0">
  <testcase name="PLP_RegisterRedirection_GuestValidation" time="33.901" classname="SRSproject.SRSproject.ProductListPageTest"/>
  <testcase name="AddToCart_Validation" time="72.268" classname="SRSproject.SRSproject.ProductListPageTest"/>
</testsuite> <!-- Default test -->
