<?xml version="1.0" encoding="UTF-8"?>
<!-- Generated by org.testng.reporters.JUnitXMLReporter -->
<testsuite hostname="DESKTOP-MMCCJ5V" ignored="0" name="Test" tests="2" failures="0" timestamp="2022-05-17T13:41:24 IST" time="118.257" errors="0">
  <testcase name="PLP_RegisterRedirection_GuestValidation" time="47.938" classname="SRSproject.SRSproject.ProductListPageTest"/>
  <testcase name="AddToCart_Validation" time="70.291" classname="SRSproject.SRSproject.ProductListPageTest"/>
</testsuite> <!-- Test -->
