<?xml version="1.0" encoding="UTF-8"?>
<!-- Generated by org.testng.reporters.JUnitXMLReporter -->
<testsuite ignored="0" hostname="DESKTOP-MMCCJ5V" failures="0" tests="4" name="Test" time="177.559" errors="0" timestamp="2022-07-07T20:22:16 IST">
  <testcase classname="SRSproject.SRSproject.ShipCompleteOptionTest" name="Account" time="18.31"/>
  <testcase classname="SRSproject.SRSproject.ShipCompleteOptionTest" name="MiniCartTest" time="9.209"/>
  <testcase classname="SRSproject.SRSproject.ShipCompleteOptionTest" name="ShopProductPage" time="112.85"/>
  <testcase classname="SRSproject.SRSproject.ShipCompleteOptionTest" name="PlaceOrderPage" time="19.181"/>
</testsuite> <!-- Test -->
