<?xml version="1.0" encoding="UTF-8"?>
<!-- Generated by org.testng.reporters.JUnitXMLReporter -->
<testsuite hostname="DESKTOP-MMCCJ5V" ignored="0" name="Test" tests="6" failures="0" timestamp="2022-05-16T17:11:45 IST" time="143.501" errors="0">
  <testcase name="MiniCartToCartPage_Redirection" time="57.27" classname="SRSproject.SRSproject.CartPageTest"/>
  <testcase name="ProductInformationValidation" time="25.793" classname="SRSproject.SRSproject.CartPageTest"/>
  <testcase name="CartSubtotalValidationfn" time="0.264" classname="SRSproject.SRSproject.CartPageTest"/>
  <testcase name="CartUpdateValidation" time="8.317" classname="SRSproject.SRSproject.CartPageTest"/>
  <testcase name="AddItemToCart_Validation" time="28.401" classname="SRSproject.SRSproject.CartPageTest"/>
  <testcase name="Reorder_Validation" time="23.423" classname="SRSproject.SRSproject.CartPageTest"/>
</testsuite> <!-- Test -->
