<?xml version="1.0" encoding="UTF-8"?>
<!-- Generated by org.testng.reporters.JUnitXMLReporter -->
<testsuite ignored="7" hostname="L295-W-MARIRAJP" failures="0" tests="33" name="Test" time="1075.302" errors="0" timestamp="2022-05-04T18:41:18 IST">
  <testcase classname="SRSproject.SRSproject.ProductListPageTest" name="PLP_RegisterRedirection_GuestValidation" time="43.635"/>
  <testcase classname="SRSproject.SRSproject.ProductListPageTest" name="AddToCart_Validation" time="76.356"/>
  <testcase classname="SRSproject.SRSproject.ProductDetailPageTest" name="PDP_RegisterRedirection_GuestValidation" time="43.654"/>
  <testcase classname="SRSproject.SRSproject.ProductDetailPageTest" name="AddingItemToCart" time="150.108"/>
  <testcase classname="SRSproject.SRSproject.CartPageTest" name="MiniCartToCartPage_Redirection" time="50.264"/>
  <testcase classname="SRSproject.SRSproject.CartPageTest" name="ProductInformationValidation" time="28.12"/>
  <testcase classname="SRSproject.SRSproject.CartPageTest" name="CartSubtotalValidationfn" time="0.374"/>
  <testcase classname="SRSproject.SRSproject.CartPageTest" name="CartUpdateValidation" time="8.256"/>
  <testcase classname="SRSproject.SRSproject.CartPageTest" name="AddItemToCart_Validation" time="10.257"/>
  <testcase classname="SRSproject.SRSproject.CartPageTest" name="Reorder_Validation" time="23.294"/>
  <testcase classname="SRSproject.SRSproject.CheckoutPageTest" name="CartToCheckout_Validation" time="45.718"/>
  <testcase classname="SRSproject.SRSproject.CheckoutPageTest" name="Date_Validation" time="3.767"/>
  <testcase classname="SRSproject.SRSproject.CheckoutPageTest" name="ProductList_Validation" time="1.368"/>
  <testcase classname="SRSproject.SRSproject.QuickOrderPadTest" name="Quick_OrderPad_Validation" time="63.922"/>
  <testcase classname="SRSproject.SRSproject.QuickOrderPadTest" name="Quick_OrderPad_FileUpload_Validation" time="68.773"/>
  <testcase classname="SRSproject.SRSproject.QuickOrderPadTest" name="Quick_OrderPad_UploadedtoBulkOrder_Validation" time="16.101"/>
  <testcase classname="SRSproject.SRSproject.QuickOrderPadTest" name="Quick_OrderPad_InvalidFileUpload_Validation" time="42.537"/>
  <testcase classname="SRSproject.SRSproject.BulkOrderPadTest" name="BulOrder_Redirection" time="35.906"/>
  <testcase classname="SRSproject.SRSproject.BulkOrderPadTest" name="AddItemtoBulkOrder_Validation" time="26.356"/>
  <testcase classname="SRSproject.SRSproject.BulkOrderPadTest" name="AddNewLineItem_Validation" time="18.234"/>
  <testcase classname="SRSproject.SRSproject.BulkOrderPadTest" name="UpdateQunatity_Validation" time="1.125"/>
  <testcase classname="SRSproject.SRSproject.BulkOrderPadTest" name="AddAll_ItemToCart_Validation" time="1.086"/>
  <testcase classname="SRSproject.SRSproject.BulkOrderPadTest" name="ListofItem_Validation" time="25.312"/>
  <testcase classname="SRSproject.SRSproject.BulkOrderPadTest" name="InValid_FileUpload_Validation" time="20.268"/>
  <testcase classname="SRSproject.SRSproject.ReorderPage_Test" name="ReorderPage_Redirection" time="33.014"/>
  <testcase classname="SRSproject.SRSproject.ReorderPage_Test" name="UploadFile_Redirection" time="21.76"/>
  <testcase classname="SRSproject.SRSproject.ReorderPage_Test" name="SaveAnReorderList_Validation" time="8.561"/>
  <testcase classname="SRSproject.SRSproject.ReorderPage_Test" name="CreateNewReorder_Redirection" time="15.473"/>
  <testcase classname="SRSproject.SRSproject.ReorderPage_Test" name="CreateNew_ReorderPad_Validation" time="13.74"/>
  <testcase classname="SRSproject.SRSproject.ReorderPage_Test" name="View_Validation" time="63.076"/>
  <testcase classname="SRSproject.SRSproject.ReorderPage_Test" name="InvalidFile_Validation" time="42.271"/>
  <testcase classname="SRSproject.SRSproject.ChangeBranch_shipto_Test" name="Change_Shito_Validation" time="42.718"/>
  <testcase classname="SRSproject.SRSproject.ChangeBranch_shipto_Test" name="ChangeBranch_Validation" time="29.815"/>
  <testcase classname="SRSproject.SRSproject.BaseTest" name="@BeforeSuite setUp" time="0.0">
    <ignored/>
  </testcase> <!-- @BeforeSuite setUp -->
  <testcase classname="SRSproject.SRSproject.BaseTest" name="@BeforeSuite setUp" time="0.0">
    <ignored/>
  </testcase> <!-- @BeforeSuite setUp -->
  <testcase classname="SRSproject.SRSproject.BaseTest" name="@BeforeSuite setUp" time="0.0">
    <ignored/>
  </testcase> <!-- @BeforeSuite setUp -->
  <testcase classname="SRSproject.SRSproject.BaseTest" name="@BeforeSuite setUp" time="0.0">
    <ignored/>
  </testcase> <!-- @BeforeSuite setUp -->
  <testcase classname="SRSproject.SRSproject.BaseTest" name="@BeforeSuite setUp" time="0.0">
    <ignored/>
  </testcase> <!-- @BeforeSuite setUp -->
  <testcase classname="SRSproject.SRSproject.BaseTest" name="@BeforeSuite setUp" time="0.0">
    <ignored/>
  </testcase> <!-- @BeforeSuite setUp -->
  <testcase classname="SRSproject.SRSproject.BaseTest" name="@BeforeSuite setUp" time="0.0">
    <ignored/>
  </testcase> <!-- @BeforeSuite setUp -->
</testsuite> <!-- Test -->
