<?xml version="1.0" encoding="UTF-8"?>
<!-- Generated by org.testng.reporters.JUnitXMLReporter -->
<testsuite ignored="0" hostname="DESKTOP-MMCCJ5V" failures="0" tests="3" name="Test" time="178.17" errors="0" timestamp="2022-07-20T13:43:36 IST">
  <testcase classname="SRSproject.SRSproject.BulkOrderPageTest100" name="BulOrder_Redirection" time="22.731"/>
  <testcase classname="SRSproject.SRSproject.BulkOrderPageTest100" name="ListofItem_Validation" time="74.424"/>
  <testcase classname="SRSproject.SRSproject.BulkOrderPageTest100" name="MoreItems_Validation" time="75.95"/>
</testsuite> <!-- Test -->
