<?xml version="1.0" encoding="UTF-8"?>
<!-- Generated by org.testng.reporters.JUnitXMLReporter -->
<testsuite hostname="DESKTOP-MMCCJ5V" ignored="0" name="Test" tests="2" failures="1" timestamp="2022-05-17T18:56:15 IST" time="105.482" errors="0">
  <testcase name="PLP_RegisterRedirection_GuestValidation" time="31.892" classname="SRSproject.SRSproject.ProductListPageTest">
    <failure type="java.lang.AssertionError" message="expected [https://mcstaging2.heritagepoolplus.com/company/account/create] but found [https://qps-stg2.heritagepoolplus.com/catalogsearch/result/?q=pentair]">
      <![CDATA[java.lang.AssertionError: expected [https://mcstaging2.heritagepoolplus.com/company/account/create] but found [https://qps-stg2.heritagepoolplus.com/catalogsearch/result/?q=pentair]
at SRSproject.SRSproject.ProductListPageTest.PLP_RegisterRedirection_GuestValidation(ProductListPageTest.java:56)
at java.util.ArrayList.forEach(ArrayList.java:1255)
... Removed 33 stack frames]]>
    </failure>
  </testcase> <!-- PLP_RegisterRedirection_GuestValidation -->
  <testcase name="AddToCart_Validation" time="73.39" classname="SRSproject.SRSproject.ProductListPageTest"/>
</testsuite> <!-- Test -->
