<?xml version="1.0" encoding="UTF-8"?>
<!-- Generated by org.testng.reporters.JUnitXMLReporter -->
<testsuite hostname="DESKTOP-MMCCJ5V" ignored="1" name="Test" tests="5" failures="0" timestamp="2022-06-29T12:00:29 IST" time="149.031" errors="0">
  <testcase name="BandsHeaderValid" time="44.076" classname="SRSproject.SRSproject.BrandPageTest"/>
  <testcase name="allBrandsValid" time="27.841" classname="SRSproject.SRSproject.BrandPageTest"/>
  <testcase name="SearchBrandName" time="27.862" classname="SRSproject.SRSproject.BrandPageTest"/>
  <testcase name="SearchBrandNamePCS" time="19.324" classname="SRSproject.SRSproject.BrandPageTest"/>
  <testcase name="SearchBrandNameQPS" time="29.894" classname="SRSproject.SRSproject.BrandPageTest"/>
  <testcase name="SearchBrandNamePEP" time="0.0" classname="SRSproject.SRSproject.BrandPageTest">
    <ignored/>
  </testcase> <!-- SearchBrandNamePEP -->
</testsuite> <!-- Test -->
