<?xml version="1.0" encoding="UTF-8"?>
<!-- Generated by org.testng.reporters.JUnitXMLReporter -->
<testsuite ignored="10" hostname="L295-W-MARIRAJP" failures="2" tests="33" name="Test" time="1009.188" errors="0" timestamp="2022-05-03T09:51:25 IST">
  <testcase classname="SRSproject.SRSproject.CompanyUserTest" name="CreateCompanyUser" time="45.013"/>
  <testcase classname="SRSproject.SRSproject.CompanyUserTest" name="AddNewUserRole" time="79.483"/>
  <testcase classname="SRSproject.SRSproject.ProductListPageTest" name="AddToCart_Validation" time="61.822"/>
  <testcase classname="SRSproject.SRSproject.ProductDetailPageTest" name="AddingItemToCart" time="68.337"/>
  <testcase classname="SRSproject.SRSproject.CartPageTest" name="MiniCartToCartPage_Redirection" time="53.342"/>
  <testcase classname="SRSproject.SRSproject.CartPageTest" name="ProductInformationValidation" time="20.598"/>
  <testcase classname="SRSproject.SRSproject.CartPageTest" name="CartSubtotalValidationfn" time="0.193"/>
  <testcase classname="SRSproject.SRSproject.CartPageTest" name="CartUpdateValidation" time="8.279"/>
  <testcase classname="SRSproject.SRSproject.CartPageTest" name="AddItemToCart_Validation" time="10.311"/>
  <testcase classname="SRSproject.SRSproject.CartPageTest" name="Reorder_Validation" time="23.355"/>
  <testcase classname="SRSproject.SRSproject.CheckoutPageTest" name="CartToCheckout_Validation" time="49.42"/>
  <testcase classname="SRSproject.SRSproject.CheckoutPageTest" name="Date_Validation" time="4.268"/>
  <testcase classname="SRSproject.SRSproject.CheckoutPageTest" name="ProductList_Validation" time="1.452"/>
  <testcase classname="SRSproject.SRSproject.QuickOrderPadTest" name="Quick_OrderPad_Validation" time="65.542"/>
  <testcase classname="SRSproject.SRSproject.QuickOrderPadTest" name="Quick_OrderPad_FileUpload_Validation" time="70.189"/>
  <testcase classname="SRSproject.SRSproject.QuickOrderPadTest" name="Quick_OrderPad_UploadedtoBulkOrder_Validation" time="16.075"/>
  <testcase classname="SRSproject.SRSproject.QuickOrderPadTest" name="Quick_OrderPad_InvalidFileUpload_Validation" time="49.854"/>
  <testcase classname="SRSproject.SRSproject.BulkOrderPadTest" name="BulOrder_Redirection" time="31.06"/>
  <testcase classname="SRSproject.SRSproject.BulkOrderPadTest" name="AddItemtoBulkOrder_Validation" time="26.391"/>
  <testcase classname="SRSproject.SRSproject.BulkOrderPadTest" name="AddNewLineItem_Validation" time="18.412"/>
  <testcase classname="SRSproject.SRSproject.BulkOrderPadTest" name="UpdateQunatity_Validation" time="1.206"/>
  <testcase classname="SRSproject.SRSproject.BulkOrderPadTest" name="AddAll_ItemToCart_Validation" time="1.092"/>
  <testcase classname="SRSproject.SRSproject.BulkOrderPadTest" name="ListofItem_Validation" time="25.255">
    <failure type="java.lang.AssertionError" message="lists don&amp;apos;t have the same size expected [31] but found [0]">
      <![CDATA[java.lang.AssertionError: lists don't have the same size expected [31] but found [0]
at SRSproject.SRSproject.BulkOrderPadTest.ListofItem_Validation(BulkOrderPadTest.java:118)
at java.base/java.util.ArrayList.forEach(ArrayList.java:1511)
... Removed 34 stack frames]]>
    </failure>
  </testcase> <!-- ListofItem_Validation -->
  <testcase classname="SRSproject.SRSproject.BulkOrderPadTest" name="InValid_FileUpload_Validation" time="6.172">
    <failure type="org.openqa.selenium.ElementClickInterceptedException" message="element click intercepted: Element &amp;lt;button class=&amp;quot;amasty-action-file&amp;quot; data-bind=&amp;quot;i18n: &amp;apos;...&amp;apos;&amp;quot; data-trigger=&amp;quot;trigger-amasty-upload-modal&amp;quot;&amp;gt;Upload CSV&amp;lt;/button&amp;gt; is not clickable at point (111, 415). Other element would receive the click: &amp;lt;div class=&amp;quot;loading-mask&amp;quot; data-role=&amp;quot;loader&amp;quot; style=&amp;quot;display: block;&amp;quot;&amp;gt;...&amp;lt;/div&amp;gt;
  (Session info: chrome=100.0.4896.127)
Build info: version: &amp;apos;3.141.59&amp;apos;, revision: &amp;apos;e82be7d358&amp;apos;, time: &amp;apos;2018-11-14T08:17:03&amp;apos;
System info: host: &amp;apos;L295-W-MARIRAJP&amp;apos;, ip: &amp;apos;192.168.1.4&amp;apos;, os.name: &amp;apos;Windows 10&amp;apos;, os.arch: &amp;apos;amd64&amp;apos;, os.version: &amp;apos;10.0&amp;apos;, java.version: &amp;apos;17.0.1&amp;apos;
Driver info: org.openqa.selenium.chrome.ChromeDriver
Capabilities {acceptInsecureCerts: false, browserName: chrome, browserVersion: 100.0.4896.127, chrome: {chromedriverVersion: 100.0.4896.60 (6a5d10861ce8..., userDataDir: C:\Users\DELL\AppData\Local...}, goog:chromeOptions: {debuggerAddress: localhost:62544}, javascriptEnabled: true, networkConnectionEnabled: false, pageLoadStrategy: normal, platform: WINDOWS, platformName: WINDOWS, proxy: Proxy(), setWindowRect: true, strictFileInteractability: false, timeouts: {implicit: 0, pageLoad: 300000, script: 30000}, unhandledPromptBehavior: dismiss and notify, webauthn:extension:credBlob: true, webauthn:extension:largeBlob: true, webauthn:virtualAuthenticators: true}
Session ID: 3e75add16ecf0ab542e7024146629956">
      <![CDATA[org.openqa.selenium.ElementClickInterceptedException: element click intercepted: Element <button class="amasty-action-file" data-bind="i18n: '...'" data-trigger="trigger-amasty-upload-modal">Upload CSV</button> is not clickable at point (111, 415). Other element would receive the click: <div class="loading-mask" data-role="loader" style="display: block;">...</div>
  (Session info: chrome=100.0.4896.127)
Build info: version: '3.141.59', revision: 'e82be7d358', time: '2018-11-14T08:17:03'
System info: host: 'L295-W-MARIRAJP', ip: '192.168.1.4', os.name: 'Windows 10', os.arch: 'amd64', os.version: '10.0', java.version: '17.0.1'
Driver info: org.openqa.selenium.chrome.ChromeDriver
Capabilities {acceptInsecureCerts: false, browserName: chrome, browserVersion: 100.0.4896.127, chrome: {chromedriverVersion: 100.0.4896.60 (6a5d10861ce8..., userDataDir: C:\Users\DELL\AppData\Local...}, goog:chromeOptions: {debuggerAddress: localhost:62544}, javascriptEnabled: true, networkConnectionEnabled: false, pageLoadStrategy: normal, platform: WINDOWS, platformName: WINDOWS, proxy: Proxy(), setWindowRect: true, strictFileInteractability: false, timeouts: {implicit: 0, pageLoad: 300000, script: 30000}, unhandledPromptBehavior: dismiss and notify, webauthn:extension:credBlob: true, webauthn:extension:largeBlob: true, webauthn:virtualAuthenticators: true}
Session ID: 3e75add16ecf0ab542e7024146629956
at org.openqa.selenium.remote.http.W3CHttpResponseCodec.createException(W3CHttpResponseCodec.java:187)
at org.openqa.selenium.remote.http.W3CHttpResponseCodec.decode(W3CHttpResponseCodec.java:122)
at org.openqa.selenium.remote.http.W3CHttpResponseCodec.decode(W3CHttpResponseCodec.java:49)
at org.openqa.selenium.remote.HttpCommandExecutor.execute(HttpCommandExecutor.java:158)
at org.openqa.selenium.remote.service.DriverCommandExecutor.execute(DriverCommandExecutor.java:83)
at org.openqa.selenium.remote.RemoteWebDriver.execute(RemoteWebDriver.java:552)
at org.openqa.selenium.remote.RemoteWebElement.execute(RemoteWebElement.java:285)
at org.openqa.selenium.remote.RemoteWebElement.click(RemoteWebElement.java:84)
at org.openqa.selenium.support.pagefactory.internal.LocatingElementHandler.invoke(LocatingElementHandler.java:51)
at jdk.proxy2/jdk.proxy2.$Proxy11.click(Unknown Source)
at Pages.BulkOrderPage.InvalidFileupload(BulkOrderPage.java:230)
at SRSproject.SRSproject.BulkOrderPadTest.InValid_FileUpload_Validation(BulkOrderPadTest.java:131)
at java.base/java.util.ArrayList.forEach(ArrayList.java:1511)
... Removed 35 stack frames]]>
    </failure>
  </testcase> <!-- InValid_FileUpload_Validation -->
  <testcase classname="SRSproject.SRSproject.ReorderPage_Test" name="ReorderPage_Redirection" time="37.081"/>
  <testcase classname="SRSproject.SRSproject.ReorderPage_Test" name="UploadFile_Redirection" time="24.64"/>
  <testcase classname="SRSproject.SRSproject.ReorderPage_Test" name="SaveAnReorderList_Validation" time="8.629"/>
  <testcase classname="SRSproject.SRSproject.ReorderPage_Test" name="CreateNewReorder_Redirection" time="17.833"/>
  <testcase classname="SRSproject.SRSproject.ReorderPage_Test" name="CreateNew_ReorderPad_Validation" time="14.077"/>
  <testcase classname="SRSproject.SRSproject.ReorderPage_Test" name="View_Validation" time="65.277"/>
  <testcase classname="SRSproject.SRSproject.ReorderPage_Test" name="InvalidFile_Validation" time="48.713"/>
  <testcase classname="SRSproject.SRSproject.ChangeBranch_shipto_Test" name="Change_Shito_Validation" time="38.871"/>
  <testcase classname="SRSproject.SRSproject.ChangeBranch_shipto_Test" name="ChangeBranch_Validation" time="16.344"/>
  <testcase classname="SRSproject.SRSproject.BaseTest" name="@BeforeSuite setUp" time="0.0">
    <ignored/>
  </testcase> <!-- @BeforeSuite setUp -->
  <testcase classname="SRSproject.SRSproject.BaseTest" name="@BeforeSuite setUp" time="0.0">
    <ignored/>
  </testcase> <!-- @BeforeSuite setUp -->
  <testcase classname="SRSproject.SRSproject.BaseTest" name="@BeforeSuite setUp" time="0.0">
    <ignored/>
  </testcase> <!-- @BeforeSuite setUp -->
  <testcase classname="SRSproject.SRSproject.BaseTest" name="@BeforeSuite setUp" time="0.0">
    <ignored/>
  </testcase> <!-- @BeforeSuite setUp -->
  <testcase classname="SRSproject.SRSproject.BaseTest" name="@BeforeSuite setUp" time="0.0">
    <ignored/>
  </testcase> <!-- @BeforeSuite setUp -->
  <testcase classname="SRSproject.SRSproject.BaseTest" name="@BeforeSuite setUp" time="0.0">
    <ignored/>
  </testcase> <!-- @BeforeSuite setUp -->
  <testcase classname="SRSproject.SRSproject.BaseTest" name="@BeforeSuite setUp" time="0.0">
    <ignored/>
  </testcase> <!-- @BeforeSuite setUp -->
  <testcase classname="SRSproject.SRSproject.BaseTest" name="@BeforeSuite setUp" time="0.0">
    <ignored/>
  </testcase> <!-- @BeforeSuite setUp -->
  <testcase classname="SRSproject.SRSproject.ProductListPageTest" name="PLP_RegisterRedirection_GuestValidation" time="0.0">
    <ignored/>
  </testcase> <!-- PLP_RegisterRedirection_GuestValidation -->
  <testcase classname="SRSproject.SRSproject.ProductDetailPageTest" name="PDP_RegisterRedirection_GuestValidation" time="0.0">
    <ignored/>
  </testcase> <!-- PDP_RegisterRedirection_GuestValidation -->
</testsuite> <!-- Test -->
