<?xml version="1.0" encoding="UTF-8"?>
<!-- Generated by org.testng.reporters.JUnitXMLReporter -->
<testsuite hostname="DESKTOP-MMCCJ5V" ignored="1" name="Test" tests="5" failures="1" timestamp="2022-06-29T10:24:45 IST" time="180.129" errors="0">
  <testcase name="BandsHeaderValid" time="70.582" classname="SRSproject.SRSproject.BrandPageTest"/>
  <testcase name="allBrandsValid" time="27.924" classname="SRSproject.SRSproject.BrandPageTest">
    <failure type="java.lang.AssertionError" message="expected [https://wcc.heritageplus.com/brands/basf] but found [https://nfi.heritageplus.com/brands/basf]">
      <![CDATA[java.lang.AssertionError: expected [https://wcc.heritageplus.com/brands/basf] but found [https://nfi.heritageplus.com/brands/basf]
at SRSproject.SRSproject.BrandPageTest.allBrandsValid(BrandPageTest.java:58)
at java.util.ArrayList.forEach(ArrayList.java:1255)
... Removed 32 stack frames]]>
    </failure>
  </testcase> <!-- allBrandsValid -->
  <testcase name="SearchBrandName" time="25.062" classname="SRSproject.SRSproject.BrandPageTest"/>
  <testcase name="SearchBrandNamePCS" time="24.442" classname="SRSproject.SRSproject.BrandPageTest"/>
  <testcase name="SearchBrandNameQPS" time="32.079" classname="SRSproject.SRSproject.BrandPageTest"/>
  <testcase name="SearchBrandNamePEP" time="0.0" classname="SRSproject.SRSproject.BrandPageTest">
    <ignored/>
  </testcase> <!-- SearchBrandNamePEP -->
</testsuite> <!-- Test -->
