<?xml version="1.0" encoding="UTF-8"?>
<!-- Generated by org.testng.reporters.JUnitXMLReporter -->
<testsuite hostname="DESKTOP-MMCCJ5V" ignored="4" name="Test" tests="8" failures="2" timestamp="2022-05-24T12:47:43 IST" time="448.77" errors="0">
  <testcase name="LoginValidation" time="70.069" classname="SRSproject.SRSproject.LoginTest"/>
  <testcase name="LoginFromPLP" time="65.511" classname="SRSproject.SRSproject.LoginTest"/>
  <testcase name="LoginFromPDP" time="58.589" classname="SRSproject.SRSproject.LoginTest"/>
  <testcase name="UnApprovedLoginValidation" time="16.253" classname="SRSproject.SRSproject.LoginTest">
    <failure type="org.openqa.selenium.ElementNotInteractableException" message="element not interactable
  (Session info: chrome=101.0.4951.67)
Build info: version: &amp;apos;3.141.59&amp;apos;, revision: &amp;apos;e82be7d358&amp;apos;, time: &amp;apos;2018-11-14T08:17:03&amp;apos;
System info: host: &amp;apos;DESKTOP-MMCCJ5V&amp;apos;, ip: &amp;apos;192.168.1.9&amp;apos;, os.name: &amp;apos;Windows 10&amp;apos;, os.arch: &amp;apos;amd64&amp;apos;, os.version: &amp;apos;10.0&amp;apos;, java.version: &amp;apos;1.8.0_151&amp;apos;
Driver info: org.openqa.selenium.chrome.ChromeDriver
Capabilities {acceptInsecureCerts: false, browserName: chrome, browserVersion: 101.0.4951.67, chrome: {chromedriverVersion: 101.0.4951.41 (93c720db8323..., userDataDir: C:\Users\DELL\AppData\Local...}, goog:chromeOptions: {debuggerAddress: localhost:64358}, javascriptEnabled: true, networkConnectionEnabled: false, pageLoadStrategy: normal, platform: WINDOWS, platformName: WINDOWS, proxy: Proxy(), setWindowRect: true, strictFileInteractability: false, timeouts: {implicit: 0, pageLoad: 300000, script: 30000}, unhandledPromptBehavior: dismiss and notify, webauthn:extension:credBlob: true, webauthn:extension:largeBlob: true, webauthn:virtualAuthenticators: true}
Session ID: 8f61c8305a1b130532e375f6c2900954">
      <![CDATA[org.openqa.selenium.ElementNotInteractableException: element not interactable
  (Session info: chrome=101.0.4951.67)
Build info: version: '3.141.59', revision: 'e82be7d358', time: '2018-11-14T08:17:03'
System info: host: 'DESKTOP-MMCCJ5V', ip: '192.168.1.9', os.name: 'Windows 10', os.arch: 'amd64', os.version: '10.0', java.version: '1.8.0_151'
Driver info: org.openqa.selenium.chrome.ChromeDriver
Capabilities {acceptInsecureCerts: false, browserName: chrome, browserVersion: 101.0.4951.67, chrome: {chromedriverVersion: 101.0.4951.41 (93c720db8323..., userDataDir: C:\Users\DELL\AppData\Local...}, goog:chromeOptions: {debuggerAddress: localhost:64358}, javascriptEnabled: true, networkConnectionEnabled: false, pageLoadStrategy: normal, platform: WINDOWS, platformName: WINDOWS, proxy: Proxy(), setWindowRect: true, strictFileInteractability: false, timeouts: {implicit: 0, pageLoad: 300000, script: 30000}, unhandledPromptBehavior: dismiss and notify, webauthn:extension:credBlob: true, webauthn:extension:largeBlob: true, webauthn:virtualAuthenticators: true}
Session ID: 8f61c8305a1b130532e375f6c2900954
at org.openqa.selenium.remote.http.W3CHttpResponseCodec.createException(W3CHttpResponseCodec.java:187)
at org.openqa.selenium.remote.http.W3CHttpResponseCodec.decode(W3CHttpResponseCodec.java:122)
at org.openqa.selenium.remote.http.W3CHttpResponseCodec.decode(W3CHttpResponseCodec.java:49)
at org.openqa.selenium.remote.HttpCommandExecutor.execute(HttpCommandExecutor.java:158)
at org.openqa.selenium.remote.service.DriverCommandExecutor.execute(DriverCommandExecutor.java:83)
at org.openqa.selenium.remote.RemoteWebDriver.execute(RemoteWebDriver.java:552)
at org.openqa.selenium.remote.RemoteWebElement.execute(RemoteWebElement.java:285)
at org.openqa.selenium.remote.RemoteWebElement.sendKeys(RemoteWebElement.java:106)
at org.openqa.selenium.support.pagefactory.internal.LocatingElementHandler.invoke(LocatingElementHandler.java:51)
at com.sun.proxy.$Proxy9.sendKeys(Unknown Source)
at Pages.HomePage.UnApprovedLogin(HomePage.java:547)
at SRSproject.SRSproject.LoginTest.UnApprovedLoginValidation(LoginTest.java:67)
at java.util.ArrayList.forEach(ArrayList.java:1255)
... Removed 35 stack frames]]>
    </failure>
  </testcase> <!-- UnApprovedLoginValidation -->
  <testcase name="PLP_RegisterRedirection_GuestValidation" time="42.63" classname="SRSproject.SRSproject.ProductListPageTest">
    <failure type="java.lang.AssertionError" message="expected [https://aquagon-stg2.heritagepoolplus.com/customer/account/] but found [https://mcstaging2.heritagepoolplus.com/company/account/create]">
      <![CDATA[java.lang.AssertionError: expected [https://aquagon-stg2.heritagepoolplus.com/customer/account/] but found [https://mcstaging2.heritagepoolplus.com/company/account/create]
at SRSproject.SRSproject.ProductListPageTest.PLP_RegisterRedirection_GuestValidation(ProductListPageTest.java:56)
at java.util.ArrayList.forEach(ArrayList.java:1255)
... Removed 33 stack frames]]>
    </failure>
  </testcase> <!-- PLP_RegisterRedirection_GuestValidation -->
  <testcase name="AddToCart_Validation" time="81.547" classname="SRSproject.SRSproject.ProductListPageTest"/>
  <testcase name="PDP_RegisterRedirection_GuestValidation" time="42.6" classname="SRSproject.SRSproject.ProductDetailPageTest"/>
  <testcase name="AddingItemToCart" time="70.234" classname="SRSproject.SRSproject.ProductDetailPageTest"/>
  <testcase name="@AfterSuite tearDown" time="0.0" classname="SRSproject.SRSproject.BaseTest">
    <ignored/>
  </testcase> <!-- @AfterSuite tearDown -->
  <testcase name="@AfterSuite tearDown" time="0.0" classname="SRSproject.SRSproject.BaseTest">
    <ignored/>
  </testcase> <!-- @AfterSuite tearDown -->
  <testcase name="@BeforeSuite setUp" time="0.0" classname="SRSproject.SRSproject.BaseTest">
    <ignored/>
  </testcase> <!-- @BeforeSuite setUp -->
  <testcase name="@BeforeSuite setUp" time="0.0" classname="SRSproject.SRSproject.BaseTest">
    <ignored/>
  </testcase> <!-- @BeforeSuite setUp -->
</testsuite> <!-- Test -->
