<?xml version="1.0" encoding="UTF-8"?>
<!-- Generated by org.testng.reporters.JUnitXMLReporter -->
<testsuite hostname="DESKTOP-MMCCJ5V" ignored="0" name="Test" tests="2" failures="0" timestamp="2022-05-17T15:14:54 IST" time="106.658" errors="0">
  <testcase name="PLP_RegisterRedirection_GuestValidation" time="34.775" classname="SRSproject.SRSproject.ProductListPageTest"/>
  <testcase name="AddToCart_Validation" time="71.861" classname="SRSproject.SRSproject.ProductListPageTest"/>
</testsuite> <!-- Test -->
