<?xml version="1.0" encoding="UTF-8"?>
<!-- Generated by org.testng.reporters.JUnitXMLReporter -->
<testsuite hostname="DESKTOP-MMCCJ5V" ignored="1" name="Test" tests="5" failures="1" timestamp="2022-06-29T10:36:03 IST" time="153.515" errors="0">
  <testcase name="BandsHeaderValid" time="43.866" classname="SRSproject.SRSproject.BrandPageTest"/>
  <testcase name="allBrandsValid" time="30.016" classname="SRSproject.SRSproject.BrandPageTest">
    <failure type="java.lang.AssertionError" message="expected [https://wcc.heritageplus.com/brands/basf] but found [https://nfi.heritageplus.com/brands/basf]">
      <![CDATA[java.lang.AssertionError: expected [https://wcc.heritageplus.com/brands/basf] but found [https://nfi.heritageplus.com/brands/basf]
at SRSproject.SRSproject.BrandPageTest.allBrandsValid(BrandPageTest.java:58)
at java.util.ArrayList.forEach(ArrayList.java:1255)
... Removed 36 stack frames]]>
    </failure>
  </testcase> <!-- allBrandsValid -->
  <testcase name="SearchBrandName" time="28.057" classname="SRSproject.SRSproject.BrandPageTest"/>
  <testcase name="SearchBrandNamePCS" time="19.049" classname="SRSproject.SRSproject.BrandPageTest"/>
  <testcase name="SearchBrandNameQPS" time="32.49" classname="SRSproject.SRSproject.BrandPageTest"/>
  <testcase name="SearchBrandNamePEP" time="0.0" classname="SRSproject.SRSproject.BrandPageTest">
    <ignored/>
  </testcase> <!-- SearchBrandNamePEP -->
</testsuite> <!-- Test -->
