-------------------------------------------------------------------------------
Test set: TestSuite
-------------------------------------------------------------------------------
Tests run: 5, Failures: 1, Errors: 0, Skipped: 0, Time elapsed: 163.825 s <<< FAILURE! - in TestSuite
SRSproject.SRSproject.BrandPageTest.allBrandsValid  Time elapsed: 30.014 s  <<< FAILURE!
java.lang.AssertionError: expected [https://wcc.heritageplus.com/brands/basf] but found [https://nfi.heritageplus.com/brands/basf]
	at SRSproject.SRSproject.BrandPageTest.allBrandsValid(BrandPageTest.java:58)

