<?xml version="1.0" encoding="UTF-8"?>
<testsuite xmlns:xsi="http://www.w3.org/2001/XMLSchema-instance" xsi:noNamespaceSchemaLocation="https://maven.apache.org/surefire/maven-surefire-plugin/xsd/surefire-test-report-3.0.xsd" version="3.0" name="TestSuite" time="163.825" tests="5" errors="0" skipped="0" failures="1">
  <properties>
[...]
</properties>
  <testcase name="BandsHeaderValid" classname="SRSproject.SRSproject.BrandPageTest" time="43.864">
    <system-out><![CDATA[its Available
Kichler-> https://nfi.heritageplus.com/brands/kichler
The User is navigated to the Brand Website
]]></system-out>
    <system-err><![CDATA[SLF4J: Failed to load class "org.slf4j.impl.StaticLoggerBinder".
SLF4J: Defaulting to no-operation (NOP) logger implementation
SLF4J: See http://www.slf4j.org/codes.html#StaticLoggerBinder for further details.
Starting ChromeDriver 102.0.5005.61 (0e59bcc00cc4985ce39ad31c150065f159d95ad3-refs/branch-heads/5005@{#819}) on port 28113
Only local connections are allowed.
Please see https://chromedriver.chromium.org/security-considerations for suggestions on keeping ChromeDriver safe.
ChromeDriver was started successfully.
Jun 29, 2022 10:33:21 AM org.openqa.selenium.remote.ProtocolHandshake createSession
INFO: Detected dialect: W3C
Starting ChromeDriver 102.0.5005.61 (0e59bcc00cc4985ce39ad31c150065f159d95ad3-refs/branch-heads/5005@{#819}) on port 13619
Only local connections are allowed.
Please see https://chromedriver.chromium.org/security-considerations for suggestions on keeping ChromeDriver safe.
ChromeDriver was started successfully.
Jun 29, 2022 10:33:30 AM org.openqa.selenium.remote.ProtocolHandshake createSession
INFO: Detected dialect: W3C
]]></system-err>
  </testcase>
  <testcase name="allBrandsValid" classname="SRSproject.SRSproject.BrandPageTest" time="30.014">
    <failure message="expected [https://wcc.heritageplus.com/brands/basf] but found [https://nfi.heritageplus.com/brands/basf]" type="java.lang.AssertionError"><![CDATA[java.lang.AssertionError: expected [https://wcc.heritageplus.com/brands/basf] but found [https://nfi.heritageplus.com/brands/basf]
	at SRSproject.SRSproject.BrandPageTest.allBrandsValid(BrandPageTest.java:58)
]]></failure>
    <system-out><![CDATA[its Available
BASF-> https://nfi.heritageplus.com/brands/basf
BASF-> https://nfi.heritageplus.com/brands/basf
The User is navigated incorrectly
]]></system-out>
  </testcase>
  <testcase name="SearchBrandName" classname="SRSproject.SRSproject.BrandPageTest" time="28.056">
    <system-out><![CDATA[its Available
]]></system-out>
  </testcase>
  <testcase name="SearchBrandNamePCS" classname="SRSproject.SRSproject.BrandPageTest" time="19.049">
    <system-out><![CDATA[its Available
]]></system-out>
  </testcase>
  <testcase name="SearchBrandNameQPS" classname="SRSproject.SRSproject.BrandPageTest" time="32.49">
    <system-out><![CDATA[its Not-Available
NILL PRODUCTS
]]></system-out>
  </testcase>
</testsuite>