<?xml version="1.0" encoding="UTF-8"?>
<testsuite xmlns:xsi="http://www.w3.org/2001/XMLSchema-instance" xsi:noNamespaceSchemaLocation="https://maven.apache.org/surefire/maven-surefire-plugin/xsd/surefire-test-report-3.0.xsd" version="3.0" name="TestSuite" time="900.431" tests="23" errors="0" skipped="0" failures="1">
  <properties>
[...]
</properties>
  <testcase name="PLP_RegisterRedirection_GuestValidation" classname="SRSproject.SRSproject.ProductListPageTest" time="31.689">
    <failure message="expected [https://mcstaging2.heritagepoolplus.com/company/account/create] but found [https://qps-stg2.heritagepoolplus.com/catalogsearch/result/?q=pentair]" type="java.lang.AssertionError"><![CDATA[java.lang.AssertionError: expected [https://mcstaging2.heritagepoolplus.com/company/account/create] but found [https://qps-stg2.heritagepoolplus.com/catalogsearch/result/?q=pentair]
	at org.testng.Assert.fail(Assert.java:99)
	at org.testng.Assert.failNotEquals(Assert.java:1037)
	at org.testng.Assert.assertEqualsImpl(Assert.java:140)
	at org.testng.Assert.assertEquals(Assert.java:122)
	at org.testng.Assert.assertEquals(Assert.java:629)
	at org.testng.Assert.assertEquals(Assert.java:639)
	at SRSproject.SRSproject.ProductListPageTest.PLP_RegisterRedirection_GuestValidation(ProductListPageTest.java:52)
	at sun.reflect.NativeMethodAccessorImpl.invoke0(Native Method)
	at sun.reflect.NativeMethodAccessorImpl.invoke(NativeMethodAccessorImpl.java:62)
	at sun.reflect.DelegatingMethodAccessorImpl.invoke(DelegatingMethodAccessorImpl.java:43)
	at java.lang.reflect.Method.invoke(Method.java:498)
	at org.testng.internal.MethodInvocationHelper.invokeMethod(MethodInvocationHelper.java:132)
	at org.testng.internal.TestInvoker.invokeMethod(TestInvoker.java:599)
	at org.testng.internal.TestInvoker.invokeTestMethod(TestInvoker.java:174)
	at org.testng.internal.MethodRunner.runInSequence(MethodRunner.java:46)
	at org.testng.internal.TestInvoker$MethodInvocationAgent.invoke(TestInvoker.java:822)
	at org.testng.internal.TestInvoker.invokeTestMethods(TestInvoker.java:147)
	at org.testng.internal.TestMethodWorker.invokeTestMethods(TestMethodWorker.java:146)
	at org.testng.internal.TestMethodWorker.run(TestMethodWorker.java:128)
	at java.util.ArrayList.forEach(ArrayList.java:1255)
	at org.testng.TestRunner.privateRun(TestRunner.java:764)
	at org.testng.TestRunner.run(TestRunner.java:585)
	at org.testng.SuiteRunner.runTest(SuiteRunner.java:384)
	at org.testng.SuiteRunner.runSequentially(SuiteRunner.java:378)
	at org.testng.SuiteRunner.privateRun(SuiteRunner.java:337)
	at org.testng.SuiteRunner.run(SuiteRunner.java:286)
	at org.testng.SuiteRunnerWorker.runSuite(SuiteRunnerWorker.java:53)
	at org.testng.SuiteRunnerWorker.run(SuiteRunnerWorker.java:96)
	at org.testng.TestNG.runSuitesSequentially(TestNG.java:1218)
	at org.testng.TestNG.runSuitesLocally(TestNG.java:1140)
	at org.testng.TestNG.runSuites(TestNG.java:1069)
	at org.testng.TestNG.run(TestNG.java:1037)
	at org.apache.maven.surefire.testng.TestNGExecutor.run(TestNGExecutor.java:324)
	at org.apache.maven.surefire.testng.TestNGXmlTestSuite.execute(TestNGXmlTestSuite.java:74)
	at org.apache.maven.surefire.testng.TestNGProvider.invoke(TestNGProvider.java:123)
	at org.apache.maven.surefire.booter.ForkedBooter.runSuitesInProcess(ForkedBooter.java:456)
	at org.apache.maven.surefire.booter.ForkedBooter.execute(ForkedBooter.java:169)
	at org.apache.maven.surefire.booter.ForkedBooter.run(ForkedBooter.java:595)
	at org.apache.maven.surefire.booter.ForkedBooter.main(ForkedBooter.java:581)
]]></failure>
    <system-out><![CDATA[Test Suite started!
PLP_RegisterRedirection_GuestValidation started!
]]></system-out>
    <system-err><![CDATA[Starting ChromeDriver 101.0.4951.41 (93c720db8323b3ec10d056025ab95c23a31997c9-refs/branch-heads/4951@{#904}) on port 14434
Only local connections are allowed.
Please see https://chromedriver.chromium.org/security-considerations for suggestions on keeping ChromeDriver safe.
ChromeDriver was started successfully.
May 11, 2022 6:39:05 PM org.openqa.selenium.remote.ProtocolHandshake createSession
INFO: Detected dialect: W3C
Starting ChromeDriver 101.0.4951.41 (93c720db8323b3ec10d056025ab95c23a31997c9-refs/branch-heads/4951@{#904}) on port 15326
Only local connections are allowed.
Please see https://chromedriver.chromium.org/security-considerations for suggestions on keeping ChromeDriver safe.
ChromeDriver was started successfully.
May 11, 2022 6:39:11 PM org.openqa.selenium.remote.ProtocolHandshake createSession
INFO: Detected dialect: W3C
]]></system-err>
  </testcase>
  <testcase name="AddToCart_Validation" classname="SRSproject.SRSproject.ProductListPageTest" time="77.608">
    <system-out><![CDATA[AddToCart_Validation started!
has been added to your cart
]]></system-out>
    <system-err><![CDATA[Starting ChromeDriver 101.0.4951.41 (93c720db8323b3ec10d056025ab95c23a31997c9-refs/branch-heads/4951@{#904}) on port 35954
Only local connections are allowed.
Please see https://chromedriver.chromium.org/security-considerations for suggestions on keeping ChromeDriver safe.
ChromeDriver was started successfully.
May 11, 2022 6:39:42 PM org.openqa.selenium.remote.ProtocolHandshake createSession
INFO: Detected dialect: W3C
]]></system-err>
  </testcase>
  <testcase name="PDP_RegisterRedirection_GuestValidation" classname="SRSproject.SRSproject.ProductDetailPageTest" time="46.895">
    <system-out><![CDATA[PDP_RegisterRedirection_GuestValidation started!
]]></system-out>
    <system-err><![CDATA[Starting ChromeDriver 101.0.4951.41 (93c720db8323b3ec10d056025ab95c23a31997c9-refs/branch-heads/4951@{#904}) on port 32300
Only local connections are allowed.
Please see https://chromedriver.chromium.org/security-considerations for suggestions on keeping ChromeDriver safe.
ChromeDriver was started successfully.
May 11, 2022 6:41:00 PM org.openqa.selenium.remote.ProtocolHandshake createSession
INFO: Detected dialect: W3C
]]></system-err>
  </testcase>
  <testcase name="AddingItemToCart" classname="SRSproject.SRSproject.ProductDetailPageTest" time="69.567">
    <system-out><![CDATA[AddingItemToCart started!
has been added to your cart
]]></system-out>
    <system-err><![CDATA[Starting ChromeDriver 101.0.4951.41 (93c720db8323b3ec10d056025ab95c23a31997c9-refs/branch-heads/4951@{#904}) on port 24623
Only local connections are allowed.
Please see https://chromedriver.chromium.org/security-considerations for suggestions on keeping ChromeDriver safe.
ChromeDriver was started successfully.
May 11, 2022 6:41:47 PM org.openqa.selenium.remote.ProtocolHandshake createSession
INFO: Detected dialect: W3C
]]></system-err>
  </testcase>
  <testcase name="MiniCartToCartPage_Redirection" classname="SRSproject.SRSproject.CartPageTest" time="50.555">
    <system-out><![CDATA[MiniCartToCartPage_Redirection started!
]]></system-out>
    <system-err><![CDATA[Starting ChromeDriver 101.0.4951.41 (93c720db8323b3ec10d056025ab95c23a31997c9-refs/branch-heads/4951@{#904}) on port 29827
Only local connections are allowed.
Please see https://chromedriver.chromium.org/security-considerations for suggestions on keeping ChromeDriver safe.
ChromeDriver was started successfully.
May 11, 2022 6:42:56 PM org.openqa.selenium.remote.ProtocolHandshake createSession
INFO: Detected dialect: W3C
]]></system-err>
  </testcase>
  <testcase name="ProductInformationValidation" classname="SRSproject.SRSproject.CartPageTest" time="22.651">
    <system-out><![CDATA[ProductInformationValidation started!
Items price is same in PDP and Cart Page i.e Cart Price : 10.2 = PDP Price : 10.2
]]></system-out>
  </testcase>
  <testcase name="CartSubtotalValidationfn" classname="SRSproject.SRSproject.CartPageTest" time="0.278">
    <system-out><![CDATA[CartSubtotalValidationfn started!
30.6
69.32
747.52
751.4
780.36005
783.46
5329.26
5991.03
9230.83
9244.93
9830.649
10386.529
10655.109
11106.989
12427.409
12427.799
12755.849
13004.349
13761.698
14427.908
14427.908 The subtotal after adding line item
48386.71
]]></system-out>
  </testcase>
  <testcase name="CartUpdateValidation" classname="SRSproject.SRSproject.CartPageTest" time="8.277">
    <system-out><![CDATA[CartUpdateValidation started!
Actual Price is10.2
Extended Price30.6
]]></system-out>
  </testcase>
  <testcase name="AddItemToCart_Validation" classname="SRSproject.SRSproject.CartPageTest" time="28.421">
    <system-out><![CDATA[AddItemToCart_Validation started!
]]></system-out>
  </testcase>
  <testcase name="Reorder_Validation" classname="SRSproject.SRSproject.CartPageTest" time="23.394">
    <system-out><![CDATA[Reorder_Validation started!
You're adding 20 Products
to test a
You're adding 20 Products
to test a
Items are added from cart to Reorder List selected
]]></system-out>
  </testcase>
  <testcase name="CartToCheckout_Validation" classname="SRSproject.SRSproject.CheckoutPageTest" time="47.179">
    <system-out><![CDATA[CartToCheckout_Validation started!
Checkout
]]></system-out>
    <system-err><![CDATA[Starting ChromeDriver 101.0.4951.41 (93c720db8323b3ec10d056025ab95c23a31997c9-refs/branch-heads/4951@{#904}) on port 24104
Only local connections are allowed.
Please see https://chromedriver.chromium.org/security-considerations for suggestions on keeping ChromeDriver safe.
ChromeDriver was started successfully.
May 11, 2022 6:45:10 PM org.openqa.selenium.remote.ProtocolHandshake createSession
INFO: Detected dialect: W3C
]]></system-err>
  </testcase>
  <testcase name="Date_Validation" classname="SRSproject.SRSproject.CheckoutPageTest" time="4.086">
    <system-out><![CDATA[Date_Validation started!
]]></system-out>
  </testcase>
  <testcase name="ProductList_Validation" classname="SRSproject.SRSproject.CheckoutPageTest" time="1.659">
    <system-out><![CDATA[ProductList_Validation started!
Item in Cart Page[Taylor 2000 Series Comparator Bromine & Chlorine | 9056, Pentair Pole , 8' | R500070, Pentair Ameriquartz 250W 120V 100' , 100' | 77360300, Hayward Fiber Washer | SPX1023Z3, Hayward Adjustable Collar | WG1051X, Waterway Selfthreading Drain Screen | 602-5310, Pentair Colorsync Controller | 618031, Pentair Sta-Rite Pxcrp 150 Posi-Clear Cartridge Filter | 160352, Pentair Ameriquartz 75W 12V 100' , 100' | 77182500, Aqp O-Ringhayward Spx1600S | APCO2036, Hayward 1-1/2 HP LX Pump W/Twist-Lok | SP1580X15TL, Hayward 1 HP Power-Flo Pump W/Twist Lok | SP1580TL, Hayward 1 HP Power-Flo LX Pump W/Cord | SP1580, Pentair Unions Rplcmnt Intlchlor | 520595, Pentair Xcvr Assy Hpw 900Mhz | 523557, Aqp O-Ring For Ball Valve (Spx0722G) | APCO2406, Pentair Valve Check 1.5In | 08655-0007, Pentair Colorcascade Led Bubbler Rplcmnt | 590048, Pentair Tee Air Bleed Asy | 154689Z, Pentair Lamp Ambrt Wht 120V 500W | 602077]
Item in Checkout Page[Taylor 2000 Series Comparator Bromine & Chlorine | 9056, Pentair Pole , 8' | R500070, Pentair Ameriquartz 250W 120V 100' , 100' | 77360300, Hayward Fiber Washer | SPX1023Z3, Hayward Adjustable Collar | WG1051X, Waterway Selfthreading Drain Screen | 602-5310, Pentair Colorsync Controller | 618031, Pentair Sta-Rite Pxcrp 150 Posi-Clear Cartridge Filter | 160352, Pentair Ameriquartz 75W 12V 100' , 100' | 77182500, Aqp O-Ringhayward Spx1600S | APCO2036, Hayward 1-1/2 HP LX Pump W/Twist-Lok | SP1580X15TL, Hayward 1 HP Power-Flo Pump W/Twist Lok | SP1580TL, Hayward 1 HP Power-Flo LX Pump W/Cord | SP1580, Pentair Unions Rplcmnt Intlchlor | 520595, Pentair Xcvr Assy Hpw 900Mhz | 523557, Aqp O-Ring For Ball Valve (Spx0722G) | APCO2406, Pentair Valve Check 1.5In | 08655-0007, Pentair Colorcascade Led Bubbler Rplcmnt | 590048, Pentair Tee Air Bleed Asy | 154689Z, Pentair Lamp Ambrt Wht 120V 500W | 602077, Pentair Cyanuric Acid, 1 Gallon | R161626, Jet Pump, 1 hp 115/230 V 21.4 gpm Self-Priming Shallow Well SN-Series, Centrifugal Pump, 1-1/2 hp 115/230 V 75 gpm Self-Priming DS3, Pentair Stud 1/2-13X11/2 Lg 303Ss | 30747-0152]
Not all item from cart are added to checkout page 
]]></system-out>
  </testcase>
  <testcase name="Quick_OrderPad_Validation" classname="SRSproject.SRSproject.QuickOrderPadTest" time="67.084">
    <system-out><![CDATA[Quick_OrderPad_Validation started!
]]></system-out>
    <system-err><![CDATA[Starting ChromeDriver 101.0.4951.41 (93c720db8323b3ec10d056025ab95c23a31997c9-refs/branch-heads/4951@{#904}) on port 1876
Only local connections are allowed.
Please see https://chromedriver.chromium.org/security-considerations for suggestions on keeping ChromeDriver safe.
ChromeDriver was started successfully.
May 11, 2022 6:46:03 PM org.openqa.selenium.remote.ProtocolHandshake createSession
INFO: Detected dialect: W3C
]]></system-err>
  </testcase>
  <testcase name="Quick_OrderPad_UploadedtoBulkOrder_Validation" classname="SRSproject.SRSproject.QuickOrderPadTest" time="14.454">
    <system-out><![CDATA[Quick_OrderPad_FileUpload_Validation started!
Quick_OrderPad_UploadedtoBulkOrder_Validation started!
java.io.FileNotFoundException: D:\project\Apps\srsheritagepool\CSV\Tester3.csv (The system cannot find the file specified)
final[]
[]
All the Items are Uploaded to Buld Order Page
]]></system-out>
    <system-err><![CDATA[Starting ChromeDriver 101.0.4951.41 (93c720db8323b3ec10d056025ab95c23a31997c9-refs/branch-heads/4951@{#904}) on port 36017
Only local connections are allowed.
Please see https://chromedriver.chromium.org/security-considerations for suggestions on keeping ChromeDriver safe.
ChromeDriver was started successfully.
May 11, 2022 6:47:10 PM org.openqa.selenium.remote.ProtocolHandshake createSession
INFO: Detected dialect: W3C
]]></system-err>
  </testcase>
  <testcase name="BulOrder_Redirection" classname="SRSproject.SRSproject.BulkOrderPadTest" time="37.138">
    <system-out><![CDATA[Quick_OrderPad_InvalidFileUpload_Validation started!
BulOrder_Redirection started!
]]></system-out>
    <system-err><![CDATA[Starting ChromeDriver 101.0.4951.41 (93c720db8323b3ec10d056025ab95c23a31997c9-refs/branch-heads/4951@{#904}) on port 23468
Only local connections are allowed.
Please see https://chromedriver.chromium.org/security-considerations for suggestions on keeping ChromeDriver safe.
ChromeDriver was started successfully.
May 11, 2022 6:48:50 PM org.openqa.selenium.remote.ProtocolHandshake createSession
INFO: Detected dialect: W3C
]]></system-err>
  </testcase>
  <testcase name="AddItemtoBulkOrder_Validation" classname="SRSproject.SRSproject.BulkOrderPadTest" time="26.478">
    <system-out><![CDATA[AddItemtoBulkOrder_Validation started!
Items added to bulk order as expected
]]></system-out>
  </testcase>
  <testcase name="AddNewLineItem_Validation" classname="SRSproject.SRSproject.BulkOrderPadTest" time="18.373">
    <system-out><![CDATA[AddNewLineItem_Validation started!
Items added to bulk order as expected
]]></system-out>
  </testcase>
  <testcase name="UpdateQunatity_Validation" classname="SRSproject.SRSproject.BulkOrderPadTest" time="1.172">
    <system-out><![CDATA[UpdateQunatity_Validation started!
Items added to bulk order as expected
]]></system-out>
  </testcase>
  <testcase name="AddAll_ItemToCart_Validation" classname="SRSproject.SRSproject.BulkOrderPadTest" time="1.075">
    <system-out><![CDATA[AddAll_ItemToCart_Validation started!
Items added to cart
]]></system-out>
  </testcase>
  <testcase name="ReorderPage_Redirection" classname="SRSproject.SRSproject.ReorderPage_Test" time="39.922">
    <system-out><![CDATA[ListofItem_Validation started!
InValid_FileUpload_Validation started!
ReorderPage_Redirection started!
]]></system-out>
    <system-err><![CDATA[Starting ChromeDriver 101.0.4951.41 (93c720db8323b3ec10d056025ab95c23a31997c9-refs/branch-heads/4951@{#904}) on port 5265
Only local connections are allowed.
Please see https://chromedriver.chromium.org/security-considerations for suggestions on keeping ChromeDriver safe.
ChromeDriver was started successfully.
May 11, 2022 6:50:36 PM org.openqa.selenium.remote.ProtocolHandshake createSession
INFO: Detected dialect: W3C
]]></system-err>
  </testcase>
  <testcase name="Change_Shito_Validation" classname="SRSproject.SRSproject.ChangeBranch_shipto_Test" time="62.557">
    <system-out><![CDATA[UploadFile_Redirection started!
SaveAnReorderList_Validation started!
CreateNewReorder_Redirection started!
CreateNew_ReorderPad_Validation started!
View_Validation started!
InvalidFile_Validation started!
Change_Shito_Validation started!
CUSTOM BACKYARD VACATIONS INC,4690 W WALTON BLVD,WATERFORD,MI,48329
]]></system-out>
    <system-err><![CDATA[Starting ChromeDriver 101.0.4951.41 (93c720db8323b3ec10d056025ab95c23a31997c9-refs/branch-heads/4951@{#904}) on port 19691
Only local connections are allowed.
Please see https://chromedriver.chromium.org/security-considerations for suggestions on keeping ChromeDriver safe.
ChromeDriver was started successfully.
May 11, 2022 6:52:35 PM org.openqa.selenium.remote.ProtocolHandshake createSession
INFO: Detected dialect: W3C
]]></system-err>
  </testcase>
  <testcase name="ChangeBranch_Validation" classname="SRSproject.SRSproject.ChangeBranch_shipto_Test" time="25.881">
    <system-out><![CDATA[ChangeBranch_Validation started!
]]></system-out>
  </testcase>
</testsuite>