<?xml version="1.0" encoding="UTF-8"?>
<testng-results skipped="0" failed="0" ignored="1" total="6" passed="5">
  <reporter-output>
  </reporter-output>
  <suite name="Suite" duration-ms="149031" started-at="2022-06-29T11:58:00 IST" finished-at="2022-06-29T12:00:29 IST">
    <groups>
    </groups>
    <test name="Test" duration-ms="149031" started-at="2022-06-29T11:58:00 IST" finished-at="2022-06-29T12:00:29 IST">
      <class name="SRSproject.SRSproject.BrandPageTest">
        <test-method status="PASS" signature="setUp()[pri:0, instance:SRSproject.SRSproject.BrandPageTest@4a87761d]" name="setUp" is-config="true" duration-ms="10090" started-at="2022-06-29T11:57:50 IST" finished-at="2022-06-29T11:58:00 IST">
          <reporter-output>
          </reporter-output>
        </test-method> <!-- setUp -->
        <test-method status="PASS" signature="BandsHeaderValid()[pri:1, instance:SRSproject.SRSproject.BrandPageTest@4a87761d]" name="BandsHeaderValid" duration-ms="44076" started-at="2022-06-29T11:58:00 IST" finished-at="2022-06-29T11:58:44 IST">
          <reporter-output>
          </reporter-output>
        </test-method> <!-- BandsHeaderValid -->
        <test-method status="PASS" signature="allBrandsValid()[pri:2, instance:SRSproject.SRSproject.BrandPageTest@4a87761d]" name="allBrandsValid" duration-ms="27841" started-at="2022-06-29T11:58:44 IST" finished-at="2022-06-29T11:59:12 IST">
          <reporter-output>
          </reporter-output>
        </test-method> <!-- allBrandsValid -->
        <test-method status="PASS" signature="SearchBrandName()[pri:3, instance:SRSproject.SRSproject.BrandPageTest@4a87761d]" name="SearchBrandName" duration-ms="27862" started-at="2022-06-29T11:59:12 IST" finished-at="2022-06-29T11:59:39 IST">
          <reporter-output>
          </reporter-output>
        </test-method> <!-- SearchBrandName -->
        <test-method status="PASS" signature="SearchBrandNamePCS()[pri:4, instance:SRSproject.SRSproject.BrandPageTest@4a87761d]" name="SearchBrandNamePCS" duration-ms="19324" started-at="2022-06-29T11:59:39 IST" finished-at="2022-06-29T11:59:59 IST">
          <reporter-output>
          </reporter-output>
        </test-method> <!-- SearchBrandNamePCS -->
        <test-method status="PASS" signature="SearchBrandNameQPS()[pri:6, instance:SRSproject.SRSproject.BrandPageTest@4a87761d]" name="SearchBrandNameQPS" duration-ms="29894" started-at="2022-06-29T11:59:59 IST" finished-at="2022-06-29T12:00:29 IST">
          <reporter-output>
          </reporter-output>
        </test-method> <!-- SearchBrandNameQPS -->
      </class> <!-- SRSproject.SRSproject.BrandPageTest -->
    </test> <!-- Test -->
  </suite> <!-- Suite -->
</testng-results>
