<?xml version="1.0" encoding="UTF-8"?>
<testng-results ignored="0" total="2" passed="2" failed="0" skipped="0">
  <reporter-output>
  </reporter-output>
  <suite started-at="2022-07-20T12:21:04 IST" name="Suite" finished-at="2022-07-20T12:22:52 IST" duration-ms="107655">
    <groups>
    </groups>
    <test started-at="2022-07-20T12:21:04 IST" name="Test" finished-at="2022-07-20T12:22:52 IST" duration-ms="107655">
      <class name="SRSproject.SRSproject.BulkOrderPageTest100">
        <test-method is-config="true" signature="beforeClass()[pri:0, instance:SRSproject.SRSproject.BulkOrderPageTest100@75c56eb9]" started-at="2022-07-20T12:21:04 IST" name="beforeClass" finished-at="2022-07-20T12:21:10 IST" duration-ms="5312" status="PASS">
          <reporter-output>
          </reporter-output>
        </test-method> <!-- beforeClass -->
        <test-method signature="BulOrder_Redirection()[pri:1, instance:SRSproject.SRSproject.BulkOrderPageTest100@75c56eb9]" started-at="2022-07-20T12:21:10 IST" name="BulOrder_Redirection" finished-at="2022-07-20T12:21:42 IST" duration-ms="31834" status="PASS">
          <reporter-output>
          </reporter-output>
        </test-method> <!-- BulOrder_Redirection -->
        <test-method signature="ListofItem_Validation()[pri:2, instance:SRSproject.SRSproject.BulkOrderPageTest100@75c56eb9]" started-at="2022-07-20T12:21:42 IST" name="ListofItem_Validation" finished-at="2022-07-20T12:22:52 IST" duration-ms="70474" status="PASS">
          <reporter-output>
          </reporter-output>
        </test-method> <!-- ListofItem_Validation -->
      </class> <!-- SRSproject.SRSproject.BulkOrderPageTest100 -->
    </test> <!-- Test -->
  </suite> <!-- Suite -->
</testng-results>
