<?xml version="1.0" encoding="UTF-8"?>
<testng-results ignored="1" total="4" passed="3" failed="0" skipped="0">
  <reporter-output>
  </reporter-output>
  <suite started-at="2022-07-07T23:40:07 IST" name="Default suite" finished-at="2022-07-07T23:42:11 IST" duration-ms="123813">
    <groups>
    </groups>
    <test started-at="2022-07-07T23:40:07 IST" name="Default test" finished-at="2022-07-07T23:42:11 IST" duration-ms="123813">
      <class name="SRSproject.SRSproject.ShipCompleteOptionTest">
        <test-method is-config="true" signature="beforeClass()[pri:0, instance:SRSproject.SRSproject.ShipCompleteOptionTest@2e3967ea]" started-at="2022-07-07T23:40:07 IST" name="beforeClass" finished-at="2022-07-07T23:40:11 IST" duration-ms="4252" status="PASS">
          <reporter-output>
          </reporter-output>
        </test-method> <!-- beforeClass -->
        <test-method signature="Account()[pri:1, instance:SRSproject.SRSproject.ShipCompleteOptionTest@2e3967ea]" started-at="2022-07-07T23:40:11 IST" name="Account" finished-at="2022-07-07T23:40:24 IST" duration-ms="12815" status="PASS">
          <reporter-output>
          </reporter-output>
        </test-method> <!-- Account -->
        <test-method signature="MiniCartTest()[pri:2, instance:SRSproject.SRSproject.ShipCompleteOptionTest@2e3967ea]" started-at="2022-07-07T23:40:24 IST" name="MiniCartTest" finished-at="2022-07-07T23:40:33 IST" duration-ms="9226" status="PASS">
          <reporter-output>
          </reporter-output>
        </test-method> <!-- MiniCartTest -->
        <test-method signature="ShopProductPage()[pri:3, instance:SRSproject.SRSproject.ShipCompleteOptionTest@2e3967ea]" started-at="2022-07-07T23:40:33 IST" name="ShopProductPage" finished-at="2022-07-07T23:42:11 IST" duration-ms="97490" status="PASS">
          <reporter-output>
          </reporter-output>
        </test-method> <!-- ShopProductPage -->
      </class> <!-- SRSproject.SRSproject.ShipCompleteOptionTest -->
    </test> <!-- Default test -->
  </suite> <!-- Default suite -->
</testng-results>
