<?xml version="1.0" encoding="UTF-8"?>
<testng-results ignored="7" total="40" passed="31" failed="2" skipped="0">
  <reporter-output>
    <line>
      <![CDATA[Items price is same in PDP and Cart Page i.e Cart Price : 98.38 = PDP Price : 98.38]]>
    </line>
    <line>
      <![CDATA[Items are added from cart to Reorder List selected]]>
    </line>
    <line>
      <![CDATA[Checkout]]>
    </line>
    <line>
      <![CDATA[Items in Cart are all added to Checkout Page successfully]]>
    </line>
    <line>
      <![CDATA[Items added to bulk order as expected]]>
    </line>
    <line>
      <![CDATA[Items added to bulk order as expected]]>
    </line>
    <line>
      <![CDATA[Items added to bulk order as expected]]>
    </line>
    <line>
      <![CDATA[Items added to cart]]>
    </line>
    <line>
      <![CDATA[Items are uploaded]]>
    </line>
    <line>
      <![CDATA[Able to create new reorder pad]]>
    </line>
  </reporter-output>
  <suite started-at="2022-05-11T10:12:37 IST" name="Suite" finished-at="2022-05-11T10:28:47 IST" duration-ms="970325">
    <groups>
    </groups>
    <test started-at="2022-05-11T10:12:37 IST" name="Test" finished-at="2022-05-11T10:28:47 IST" duration-ms="970325">
      <class name="SRSproject.SRSproject.CheckoutPageTest">
        <test-method signature="CartToCheckout_Validation()[pri:1, instance:SRSproject.SRSproject.CheckoutPageTest@51a9ad5e]" started-at="2022-05-11T10:17:51 IST" name="CartToCheckout_Validation" description="Cart to Checkout Redirection " finished-at="2022-05-11T10:18:45 IST" duration-ms="54119" status="PASS">
          <reporter-output>
            <line>
              <![CDATA[Checkout]]>
            </line>
          </reporter-output>
        </test-method> <!-- CartToCheckout_Validation -->
        <test-method signature="Date_Validation()[pri:2, instance:SRSproject.SRSproject.CheckoutPageTest@51a9ad5e]" started-at="2022-05-11T10:18:45 IST" name="Date_Validation" description="Date Picker validation and other basic info updation " finished-at="2022-05-11T10:18:55 IST" duration-ms="9665" status="PASS">
          <reporter-output>
          </reporter-output>
        </test-method> <!-- Date_Validation -->
        <test-method signature="ProductList_Validation()[pri:3, instance:SRSproject.SRSproject.CheckoutPageTest@51a9ad5e]" started-at="2022-05-11T10:18:55 IST" name="ProductList_Validation" description="Product Listing in checkout as per the list in cart" finished-at="2022-05-11T10:18:57 IST" duration-ms="1436" status="PASS">
          <reporter-output>
            <line>
              <![CDATA[Items in Cart are all added to Checkout Page successfully]]>
            </line>
          </reporter-output>
        </test-method> <!-- ProductList_Validation -->
      </class> <!-- SRSproject.SRSproject.CheckoutPageTest -->
      <class name="SRSproject.SRSproject.ChangeBranch_shipto_Test">
        <test-method signature="Change_Shito_Validation()[pri:1, instance:SRSproject.SRSproject.ChangeBranch_shipto_Test@6f1c29b7]" started-at="2022-05-11T10:27:54 IST" name="Change_Shito_Validation" description="Changing Shipto" finished-at="2022-05-11T10:28:29 IST" duration-ms="35094" status="PASS">
          <reporter-output>
          </reporter-output>
        </test-method> <!-- Change_Shito_Validation -->
        <test-method signature="ChangeBranch_Validation()[pri:2, instance:SRSproject.SRSproject.ChangeBranch_shipto_Test@6f1c29b7]" started-at="2022-05-11T10:28:29 IST" name="ChangeBranch_Validation" description="Changing Branch" finished-at="2022-05-11T10:28:47 IST" duration-ms="17700" status="PASS">
          <reporter-output>
          </reporter-output>
        </test-method> <!-- ChangeBranch_Validation -->
      </class> <!-- SRSproject.SRSproject.ChangeBranch_shipto_Test -->
      <class name="SRSproject.SRSproject.CartPageTest">
        <test-method signature="MiniCartToCartPage_Redirection()[pri:1, instance:SRSproject.SRSproject.CartPageTest@5e21e98f]" started-at="2022-05-11T10:15:41 IST" name="MiniCartToCartPage_Redirection" description="Minicart to cartpage redirection" finished-at="2022-05-11T10:16:29 IST" duration-ms="48374" status="PASS">
          <reporter-output>
          </reporter-output>
        </test-method> <!-- MiniCartToCartPage_Redirection -->
        <test-method signature="ProductInformationValidation()[pri:2, instance:SRSproject.SRSproject.CartPageTest@5e21e98f]" started-at="2022-05-11T10:16:29 IST" name="ProductInformationValidation" description="Pricing validaiton" finished-at="2022-05-11T10:16:51 IST" duration-ms="21951" status="PASS">
          <reporter-output>
            <line>
              <![CDATA[Items price is same in PDP and Cart Page i.e Cart Price : 98.38 = PDP Price : 98.38]]>
            </line>
          </reporter-output>
        </test-method> <!-- ProductInformationValidation -->
        <test-method signature="CartSubtotalValidationfn()[pri:3, instance:SRSproject.SRSproject.CartPageTest@5e21e98f]" started-at="2022-05-11T10:16:51 IST" name="CartSubtotalValidationfn" description="Subtotal validation" finished-at="2022-05-11T10:16:51 IST" duration-ms="227" status="PASS">
          <reporter-output>
          </reporter-output>
        </test-method> <!-- CartSubtotalValidationfn -->
        <test-method signature="CartUpdateValidation()[pri:4, instance:SRSproject.SRSproject.CartPageTest@5e21e98f]" started-at="2022-05-11T10:16:51 IST" name="CartUpdateValidation" description="Updating cart Validation" finished-at="2022-05-11T10:17:00 IST" duration-ms="8263" status="PASS">
          <reporter-output>
          </reporter-output>
        </test-method> <!-- CartUpdateValidation -->
        <test-method signature="AddItemToCart_Validation()[pri:5, instance:SRSproject.SRSproject.CartPageTest@5e21e98f]" started-at="2022-05-11T10:17:00 IST" name="AddItemToCart_Validation" description="Adding item to cart using search option in cart page" finished-at="2022-05-11T10:17:28 IST" duration-ms="28299" status="PASS">
          <reporter-output>
          </reporter-output>
        </test-method> <!-- AddItemToCart_Validation -->
        <test-method signature="Reorder_Validation()[pri:6, instance:SRSproject.SRSproject.CartPageTest@5e21e98f]" started-at="2022-05-11T10:17:28 IST" name="Reorder_Validation" description="Adding items to an reorder list" finished-at="2022-05-11T10:17:51 IST" duration-ms="23269" status="PASS">
          <reporter-output>
            <line>
              <![CDATA[Items are added from cart to Reorder List selected]]>
            </line>
          </reporter-output>
        </test-method> <!-- Reorder_Validation -->
      </class> <!-- SRSproject.SRSproject.CartPageTest -->
      <class name="SRSproject.SRSproject.QuickOrderPadTest">
        <test-method signature="Quick_OrderPad_Validation()[pri:1, instance:SRSproject.SRSproject.QuickOrderPadTest@5f20155b]" started-at="2022-05-11T10:18:57 IST" name="Quick_OrderPad_Validation" description="Add item from Quick order to by searching item" finished-at="2022-05-11T10:19:57 IST" duration-ms="60115" status="PASS">
          <reporter-output>
          </reporter-output>
        </test-method> <!-- Quick_OrderPad_Validation -->
        <test-method signature="Quick_OrderPad_FileUpload_Validation()[pri:2, instance:SRSproject.SRSproject.QuickOrderPadTest@5f20155b]" started-at="2022-05-11T10:19:57 IST" name="Quick_OrderPad_FileUpload_Validation" description="Uploading a CSV file and validating" finished-at="2022-05-11T10:21:01 IST" duration-ms="64344" status="PASS">
          <reporter-output>
          </reporter-output>
        </test-method> <!-- Quick_OrderPad_FileUpload_Validation -->
        <test-method signature="Quick_OrderPad_UploadedtoBulkOrder_Validation()[pri:3, instance:SRSproject.SRSproject.QuickOrderPadTest@5f20155b]" started-at="2022-05-11T10:21:01 IST" name="Quick_OrderPad_UploadedtoBulkOrder_Validation" description="Validating item added from csv to the bulkorder page" finished-at="2022-05-11T10:21:17 IST" duration-ms="16184" status="PASS">
          <reporter-output>
          </reporter-output>
        </test-method> <!-- Quick_OrderPad_UploadedtoBulkOrder_Validation -->
        <test-method signature="Quick_OrderPad_InvalidFileUpload_Validation()[pri:4, instance:SRSproject.SRSproject.QuickOrderPadTest@5f20155b]" started-at="2022-05-11T10:21:17 IST" name="Quick_OrderPad_InvalidFileUpload_Validation" description="Uploading CSV file that has Invalid items" finished-at="2022-05-11T10:21:58 IST" duration-ms="41201" status="PASS">
          <reporter-output>
          </reporter-output>
        </test-method> <!-- Quick_OrderPad_InvalidFileUpload_Validation -->
      </class> <!-- SRSproject.SRSproject.QuickOrderPadTest -->
      <class name="SRSproject.SRSproject.ReorderPage_Test">
        <test-method signature="ReorderPage_Redirection()[pri:1, instance:SRSproject.SRSproject.ReorderPage_Test@37911f88]" started-at="2022-05-11T10:24:12 IST" name="ReorderPage_Redirection" finished-at="2022-05-11T10:24:48 IST" duration-ms="35508" status="PASS">
          <reporter-output>
          </reporter-output>
        </test-method> <!-- ReorderPage_Redirection -->
        <test-method signature="UploadFile_Redirection()[pri:2, instance:SRSproject.SRSproject.ReorderPage_Test@37911f88]" started-at="2022-05-11T10:24:48 IST" name="UploadFile_Redirection" finished-at="2022-05-11T10:25:18 IST" duration-ms="29826" status="PASS">
          <reporter-output>
          </reporter-output>
        </test-method> <!-- UploadFile_Redirection -->
        <test-method signature="SaveAnReorderList_Validation()[pri:3, instance:SRSproject.SRSproject.ReorderPage_Test@37911f88]" started-at="2022-05-11T10:25:18 IST" name="SaveAnReorderList_Validation" finished-at="2022-05-11T10:25:26 IST" duration-ms="8833" status="PASS">
          <reporter-output>
          </reporter-output>
        </test-method> <!-- SaveAnReorderList_Validation -->
        <test-method signature="CreateNewReorder_Redirection()[pri:4, instance:SRSproject.SRSproject.ReorderPage_Test@37911f88]" started-at="2022-05-11T10:25:26 IST" name="CreateNewReorder_Redirection" finished-at="2022-05-11T10:25:42 IST" duration-ms="15901" status="PASS">
          <reporter-output>
          </reporter-output>
        </test-method> <!-- CreateNewReorder_Redirection -->
        <test-method signature="CreateNew_ReorderPad_Validation()[pri:5, instance:SRSproject.SRSproject.ReorderPage_Test@37911f88]" started-at="2022-05-11T10:25:42 IST" name="CreateNew_ReorderPad_Validation" finished-at="2022-05-11T10:25:56 IST" duration-ms="14131" status="PASS">
          <reporter-output>
            <line>
              <![CDATA[Able to create new reorder pad]]>
            </line>
          </reporter-output>
        </test-method> <!-- CreateNew_ReorderPad_Validation -->
        <test-method signature="View_Validation()[pri:6, instance:SRSproject.SRSproject.ReorderPage_Test@37911f88]" started-at="2022-05-11T10:25:56 IST" name="View_Validation" finished-at="2022-05-11T10:27:00 IST" duration-ms="63860" status="PASS">
          <reporter-output>
          </reporter-output>
        </test-method> <!-- View_Validation -->
        <test-method signature="InvalidFile_Validation()[pri:8, instance:SRSproject.SRSproject.ReorderPage_Test@37911f88]" started-at="2022-05-11T10:27:00 IST" name="InvalidFile_Validation" finished-at="2022-05-11T10:27:54 IST" duration-ms="53179" status="FAIL">
          <exception class="org.openqa.selenium.NoSuchElementException">
            <message>
              <![CDATA[no such element: Unable to locate element: {"method":"xpath","selector":"//div[@id='swal2-content']"}
  (Session info: chrome=101.0.4951.54)
For documentation on this error, please visit: https://www.seleniumhq.org/exceptions/no_such_element.html
Build info: version: '3.141.59', revision: 'e82be7d358', time: '2018-11-14T08:17:03'
System info: host: 'L295-W-MARIRAJP', ip: '192.168.1.3', os.name: 'Windows 10', os.arch: 'amd64', os.version: '10.0', java.version: '17.0.1'
Driver info: org.openqa.selenium.chrome.ChromeDriver
Capabilities {acceptInsecureCerts: false, browserName: chrome, browserVersion: 101.0.4951.54, chrome: {chromedriverVersion: 101.0.4951.41 (93c720db8323..., userDataDir: C:\Users\DELL\AppData\Local...}, goog:chromeOptions: {debuggerAddress: localhost:58668}, javascriptEnabled: true, networkConnectionEnabled: false, pageLoadStrategy: normal, platform: WINDOWS, platformName: WINDOWS, proxy: Proxy(), setWindowRect: true, strictFileInteractability: false, timeouts: {implicit: 0, pageLoad: 300000, script: 30000}, unhandledPromptBehavior: dismiss and notify, webauthn:extension:credBlob: true, webauthn:extension:largeBlob: true, webauthn:virtualAuthenticators: true}
Session ID: 1043697f92164cc52e5a70db2259911c
*** Element info: {Using=xpath, value=//div[@id='swal2-content']}]]>
            </message>
            <full-stacktrace>
              <![CDATA[org.openqa.selenium.NoSuchElementException: no such element: Unable to locate element: {"method":"xpath","selector":"//div[@id='swal2-content']"}
  (Session info: chrome=101.0.4951.54)
For documentation on this error, please visit: https://www.seleniumhq.org/exceptions/no_such_element.html
Build info: version: '3.141.59', revision: 'e82be7d358', time: '2018-11-14T08:17:03'
System info: host: 'L295-W-MARIRAJP', ip: '192.168.1.3', os.name: 'Windows 10', os.arch: 'amd64', os.version: '10.0', java.version: '17.0.1'
Driver info: org.openqa.selenium.chrome.ChromeDriver
Capabilities {acceptInsecureCerts: false, browserName: chrome, browserVersion: 101.0.4951.54, chrome: {chromedriverVersion: 101.0.4951.41 (93c720db8323..., userDataDir: C:\Users\DELL\AppData\Local...}, goog:chromeOptions: {debuggerAddress: localhost:58668}, javascriptEnabled: true, networkConnectionEnabled: false, pageLoadStrategy: normal, platform: WINDOWS, platformName: WINDOWS, proxy: Proxy(), setWindowRect: true, strictFileInteractability: false, timeouts: {implicit: 0, pageLoad: 300000, script: 30000}, unhandledPromptBehavior: dismiss and notify, webauthn:extension:credBlob: true, webauthn:extension:largeBlob: true, webauthn:virtualAuthenticators: true}
Session ID: 1043697f92164cc52e5a70db2259911c
*** Element info: {Using=xpath, value=//div[@id='swal2-content']}
at jdk.internal.reflect.GeneratedConstructorAccessor16.newInstance(Unknown Source)
at java.base/jdk.internal.reflect.DelegatingConstructorAccessorImpl.newInstance(DelegatingConstructorAccessorImpl.java:45)
at java.base/java.lang.reflect.Constructor.newInstanceWithCaller(Constructor.java:499)
at java.base/java.lang.reflect.Constructor.newInstance(Constructor.java:480)
at org.openqa.selenium.remote.http.W3CHttpResponseCodec.createException(W3CHttpResponseCodec.java:187)
at org.openqa.selenium.remote.http.W3CHttpResponseCodec.decode(W3CHttpResponseCodec.java:122)
at org.openqa.selenium.remote.http.W3CHttpResponseCodec.decode(W3CHttpResponseCodec.java:49)
at org.openqa.selenium.remote.HttpCommandExecutor.execute(HttpCommandExecutor.java:158)
at org.openqa.selenium.remote.service.DriverCommandExecutor.execute(DriverCommandExecutor.java:83)
at org.openqa.selenium.remote.RemoteWebDriver.execute(RemoteWebDriver.java:552)
at org.openqa.selenium.remote.RemoteWebDriver.findElement(RemoteWebDriver.java:323)
at org.openqa.selenium.remote.RemoteWebDriver.findElementByXPath(RemoteWebDriver.java:428)
at org.openqa.selenium.By$ByXPath.findElement(By.java:353)
at org.openqa.selenium.remote.RemoteWebDriver.findElement(RemoteWebDriver.java:315)
at org.openqa.selenium.support.pagefactory.DefaultElementLocator.findElement(DefaultElementLocator.java:69)
at org.openqa.selenium.support.pagefactory.internal.LocatingElementHandler.invoke(LocatingElementHandler.java:38)
at jdk.proxy2/jdk.proxy2.$Proxy11.getText(Unknown Source)
at Pages.Reorder_Page.ItemsNotAdded_Notification(Reorder_Page.java:130)
at SRSproject.SRSproject.ReorderPage_Test.InvalidFile_Validation(ReorderPage_Test.java:91)
at java.base/jdk.internal.reflect.NativeMethodAccessorImpl.invoke0(Native Method)
at java.base/jdk.internal.reflect.NativeMethodAccessorImpl.invoke(NativeMethodAccessorImpl.java:77)
at java.base/jdk.internal.reflect.DelegatingMethodAccessorImpl.invoke(DelegatingMethodAccessorImpl.java:43)
at java.base/java.lang.reflect.Method.invoke(Method.java:568)
at org.testng.internal.MethodInvocationHelper.invokeMethod(MethodInvocationHelper.java:133)
at org.testng.internal.TestInvoker.invokeMethod(TestInvoker.java:598)
at org.testng.internal.TestInvoker.invokeTestMethod(TestInvoker.java:173)
at org.testng.internal.MethodRunner.runInSequence(MethodRunner.java:46)
at org.testng.internal.TestInvoker$MethodInvocationAgent.invoke(TestInvoker.java:824)
at org.testng.internal.TestInvoker.invokeTestMethods(TestInvoker.java:146)
at org.testng.internal.TestMethodWorker.invokeTestMethods(TestMethodWorker.java:146)
at org.testng.internal.TestMethodWorker.run(TestMethodWorker.java:128)
at java.base/java.util.ArrayList.forEach(ArrayList.java:1511)
at org.testng.TestRunner.privateRun(TestRunner.java:794)
at org.testng.TestRunner.run(TestRunner.java:596)
at org.testng.SuiteRunner.runTest(SuiteRunner.java:377)
at org.testng.SuiteRunner.runSequentially(SuiteRunner.java:371)
at org.testng.SuiteRunner.privateRun(SuiteRunner.java:332)
at org.testng.SuiteRunner.run(SuiteRunner.java:276)
at org.testng.SuiteRunnerWorker.runSuite(SuiteRunnerWorker.java:53)
at org.testng.SuiteRunnerWorker.run(SuiteRunnerWorker.java:96)
at org.testng.TestNG.runSuitesSequentially(TestNG.java:1212)
at org.testng.TestNG.runSuitesLocally(TestNG.java:1134)
at org.testng.TestNG.runSuites(TestNG.java:1063)
at org.testng.TestNG.run(TestNG.java:1031)
at org.testng.remote.AbstractRemoteTestNG.run(AbstractRemoteTestNG.java:115)
at org.testng.remote.RemoteTestNG.initAndRun(RemoteTestNG.java:251)
at org.testng.remote.RemoteTestNG.main(RemoteTestNG.java:77)
]]>
            </full-stacktrace>
          </exception> <!-- org.openqa.selenium.NoSuchElementException -->
          <reporter-output>
          </reporter-output>
        </test-method> <!-- InvalidFile_Validation -->
      </class> <!-- SRSproject.SRSproject.ReorderPage_Test -->
      <class name="SRSproject.SRSproject.BulkOrderPadTest">
        <test-method signature="BulOrder_Redirection()[pri:1, instance:SRSproject.SRSproject.BulkOrderPadTest@7b993c65]" started-at="2022-05-11T10:21:58 IST" name="BulOrder_Redirection" finished-at="2022-05-11T10:22:32 IST" duration-ms="34042" status="PASS">
          <reporter-output>
          </reporter-output>
        </test-method> <!-- BulOrder_Redirection -->
        <test-method signature="AddItemtoBulkOrder_Validation()[pri:2, instance:SRSproject.SRSproject.BulkOrderPadTest@7b993c65]" started-at="2022-05-11T10:22:32 IST" name="AddItemtoBulkOrder_Validation" finished-at="2022-05-11T10:22:59 IST" duration-ms="26617" status="PASS">
          <reporter-output>
            <line>
              <![CDATA[Items added to bulk order as expected]]>
            </line>
          </reporter-output>
        </test-method> <!-- AddItemtoBulkOrder_Validation -->
        <test-method signature="AddNewLineItem_Validation()[pri:3, instance:SRSproject.SRSproject.BulkOrderPadTest@7b993c65]" started-at="2022-05-11T10:22:59 IST" name="AddNewLineItem_Validation" finished-at="2022-05-11T10:23:18 IST" duration-ms="18546" status="PASS">
          <reporter-output>
            <line>
              <![CDATA[Items added to bulk order as expected]]>
            </line>
          </reporter-output>
        </test-method> <!-- AddNewLineItem_Validation -->
        <test-method signature="UpdateQunatity_Validation()[pri:4, instance:SRSproject.SRSproject.BulkOrderPadTest@7b993c65]" started-at="2022-05-11T10:23:18 IST" name="UpdateQunatity_Validation" finished-at="2022-05-11T10:23:19 IST" duration-ms="1353" status="PASS">
          <reporter-output>
            <line>
              <![CDATA[Items added to bulk order as expected]]>
            </line>
          </reporter-output>
        </test-method> <!-- UpdateQunatity_Validation -->
        <test-method signature="AddAll_ItemToCart_Validation()[pri:5, instance:SRSproject.SRSproject.BulkOrderPadTest@7b993c65]" started-at="2022-05-11T10:23:19 IST" name="AddAll_ItemToCart_Validation" finished-at="2022-05-11T10:23:20 IST" duration-ms="1187" status="PASS">
          <reporter-output>
            <line>
              <![CDATA[Items added to cart]]>
            </line>
          </reporter-output>
        </test-method> <!-- AddAll_ItemToCart_Validation -->
        <test-method signature="ListofItem_Validation()[pri:6, instance:SRSproject.SRSproject.BulkOrderPadTest@7b993c65]" started-at="2022-05-11T10:23:20 IST" name="ListofItem_Validation" finished-at="2022-05-11T10:23:52 IST" duration-ms="31607" status="PASS">
          <reporter-output>
            <line>
              <![CDATA[Items are uploaded]]>
            </line>
          </reporter-output>
        </test-method> <!-- ListofItem_Validation -->
        <test-method signature="InValid_FileUpload_Validation()[pri:7, instance:SRSproject.SRSproject.BulkOrderPadTest@7b993c65]" started-at="2022-05-11T10:23:52 IST" name="InValid_FileUpload_Validation" finished-at="2022-05-11T10:24:12 IST" duration-ms="20320" status="FAIL">
          <exception class="org.openqa.selenium.NoSuchElementException">
            <message>
              <![CDATA[no such element: Unable to locate element: {"method":"xpath","selector":"//button[text()='Accept']"}
  (Session info: chrome=101.0.4951.54)
For documentation on this error, please visit: https://www.seleniumhq.org/exceptions/no_such_element.html
Build info: version: '3.141.59', revision: 'e82be7d358', time: '2018-11-14T08:17:03'
System info: host: 'L295-W-MARIRAJP', ip: '192.168.1.3', os.name: 'Windows 10', os.arch: 'amd64', os.version: '10.0', java.version: '17.0.1'
Driver info: org.openqa.selenium.chrome.ChromeDriver
Capabilities {acceptInsecureCerts: false, browserName: chrome, browserVersion: 101.0.4951.54, chrome: {chromedriverVersion: 101.0.4951.41 (93c720db8323..., userDataDir: C:\Users\DELL\AppData\Local...}, goog:chromeOptions: {debuggerAddress: localhost:53271}, javascriptEnabled: true, networkConnectionEnabled: false, pageLoadStrategy: normal, platform: WINDOWS, platformName: WINDOWS, proxy: Proxy(), setWindowRect: true, strictFileInteractability: false, timeouts: {implicit: 0, pageLoad: 300000, script: 30000}, unhandledPromptBehavior: dismiss and notify, webauthn:extension:credBlob: true, webauthn:extension:largeBlob: true, webauthn:virtualAuthenticators: true}
Session ID: 381f81145f23bc74f5adef15939c01c1
*** Element info: {Using=xpath, value=//button[text()='Accept']}]]>
            </message>
            <full-stacktrace>
              <![CDATA[org.openqa.selenium.NoSuchElementException: no such element: Unable to locate element: {"method":"xpath","selector":"//button[text()='Accept']"}
  (Session info: chrome=101.0.4951.54)
For documentation on this error, please visit: https://www.seleniumhq.org/exceptions/no_such_element.html
Build info: version: '3.141.59', revision: 'e82be7d358', time: '2018-11-14T08:17:03'
System info: host: 'L295-W-MARIRAJP', ip: '192.168.1.3', os.name: 'Windows 10', os.arch: 'amd64', os.version: '10.0', java.version: '17.0.1'
Driver info: org.openqa.selenium.chrome.ChromeDriver
Capabilities {acceptInsecureCerts: false, browserName: chrome, browserVersion: 101.0.4951.54, chrome: {chromedriverVersion: 101.0.4951.41 (93c720db8323..., userDataDir: C:\Users\DELL\AppData\Local...}, goog:chromeOptions: {debuggerAddress: localhost:53271}, javascriptEnabled: true, networkConnectionEnabled: false, pageLoadStrategy: normal, platform: WINDOWS, platformName: WINDOWS, proxy: Proxy(), setWindowRect: true, strictFileInteractability: false, timeouts: {implicit: 0, pageLoad: 300000, script: 30000}, unhandledPromptBehavior: dismiss and notify, webauthn:extension:credBlob: true, webauthn:extension:largeBlob: true, webauthn:virtualAuthenticators: true}
Session ID: 381f81145f23bc74f5adef15939c01c1
*** Element info: {Using=xpath, value=//button[text()='Accept']}
at jdk.internal.reflect.GeneratedConstructorAccessor16.newInstance(Unknown Source)
at java.base/jdk.internal.reflect.DelegatingConstructorAccessorImpl.newInstance(DelegatingConstructorAccessorImpl.java:45)
at java.base/java.lang.reflect.Constructor.newInstanceWithCaller(Constructor.java:499)
at java.base/java.lang.reflect.Constructor.newInstance(Constructor.java:480)
at org.openqa.selenium.remote.http.W3CHttpResponseCodec.createException(W3CHttpResponseCodec.java:187)
at org.openqa.selenium.remote.http.W3CHttpResponseCodec.decode(W3CHttpResponseCodec.java:122)
at org.openqa.selenium.remote.http.W3CHttpResponseCodec.decode(W3CHttpResponseCodec.java:49)
at org.openqa.selenium.remote.HttpCommandExecutor.execute(HttpCommandExecutor.java:158)
at org.openqa.selenium.remote.service.DriverCommandExecutor.execute(DriverCommandExecutor.java:83)
at org.openqa.selenium.remote.RemoteWebDriver.execute(RemoteWebDriver.java:552)
at org.openqa.selenium.remote.RemoteWebDriver.findElement(RemoteWebDriver.java:323)
at org.openqa.selenium.remote.RemoteWebDriver.findElementByXPath(RemoteWebDriver.java:428)
at org.openqa.selenium.By$ByXPath.findElement(By.java:353)
at org.openqa.selenium.remote.RemoteWebDriver.findElement(RemoteWebDriver.java:315)
at org.openqa.selenium.support.pagefactory.DefaultElementLocator.findElement(DefaultElementLocator.java:69)
at org.openqa.selenium.support.pagefactory.internal.LocatingElementHandler.invoke(LocatingElementHandler.java:38)
at jdk.proxy2/jdk.proxy2.$Proxy11.click(Unknown Source)
at Pages.BulkOrderPage.InvalidFileupload(BulkOrderPage.java:249)
at SRSproject.SRSproject.BulkOrderPadTest.InValid_FileUpload_Validation(BulkOrderPadTest.java:132)
at java.base/jdk.internal.reflect.NativeMethodAccessorImpl.invoke0(Native Method)
at java.base/jdk.internal.reflect.NativeMethodAccessorImpl.invoke(NativeMethodAccessorImpl.java:77)
at java.base/jdk.internal.reflect.DelegatingMethodAccessorImpl.invoke(DelegatingMethodAccessorImpl.java:43)
at java.base/java.lang.reflect.Method.invoke(Method.java:568)
at org.testng.internal.MethodInvocationHelper.invokeMethod(MethodInvocationHelper.java:133)
at org.testng.internal.TestInvoker.invokeMethod(TestInvoker.java:598)
at org.testng.internal.TestInvoker.invokeTestMethod(TestInvoker.java:173)
at org.testng.internal.MethodRunner.runInSequence(MethodRunner.java:46)
at org.testng.internal.TestInvoker$MethodInvocationAgent.invoke(TestInvoker.java:824)
at org.testng.internal.TestInvoker.invokeTestMethods(TestInvoker.java:146)
at org.testng.internal.TestMethodWorker.invokeTestMethods(TestMethodWorker.java:146)
at org.testng.internal.TestMethodWorker.run(TestMethodWorker.java:128)
at java.base/java.util.ArrayList.forEach(ArrayList.java:1511)
at org.testng.TestRunner.privateRun(TestRunner.java:794)
at org.testng.TestRunner.run(TestRunner.java:596)
at org.testng.SuiteRunner.runTest(SuiteRunner.java:377)
at org.testng.SuiteRunner.runSequentially(SuiteRunner.java:371)
at org.testng.SuiteRunner.privateRun(SuiteRunner.java:332)
at org.testng.SuiteRunner.run(SuiteRunner.java:276)
at org.testng.SuiteRunnerWorker.runSuite(SuiteRunnerWorker.java:53)
at org.testng.SuiteRunnerWorker.run(SuiteRunnerWorker.java:96)
at org.testng.TestNG.runSuitesSequentially(TestNG.java:1212)
at org.testng.TestNG.runSuitesLocally(TestNG.java:1134)
at org.testng.TestNG.runSuites(TestNG.java:1063)
at org.testng.TestNG.run(TestNG.java:1031)
at org.testng.remote.AbstractRemoteTestNG.run(AbstractRemoteTestNG.java:115)
at org.testng.remote.RemoteTestNG.initAndRun(RemoteTestNG.java:251)
at org.testng.remote.RemoteTestNG.main(RemoteTestNG.java:77)
]]>
            </full-stacktrace>
          </exception> <!-- org.openqa.selenium.NoSuchElementException -->
          <reporter-output>
          </reporter-output>
        </test-method> <!-- InValid_FileUpload_Validation -->
      </class> <!-- SRSproject.SRSproject.BulkOrderPadTest -->
      <class name="SRSproject.SRSproject.ProductDetailPageTest">
        <test-method signature="PDP_RegisterRedirection_GuestValidation()[pri:1, instance:SRSproject.SRSproject.ProductDetailPageTest@2205a05d]" started-at="2022-05-11T10:14:04 IST" name="PDP_RegisterRedirection_GuestValidation" description="Register now link redirection" finished-at="2022-05-11T10:14:39 IST" duration-ms="35343" status="PASS">
          <reporter-output>
          </reporter-output>
        </test-method> <!-- PDP_RegisterRedirection_GuestValidation -->
        <test-method signature="AddingItemToCart()[pri:2, instance:SRSproject.SRSproject.ProductDetailPageTest@2205a05d]" started-at="2022-05-11T10:14:39 IST" name="AddingItemToCart" description="Adding Item to Cart" finished-at="2022-05-11T10:15:41 IST" duration-ms="61541" status="PASS">
          <reporter-output>
          </reporter-output>
        </test-method> <!-- AddingItemToCart -->
      </class> <!-- SRSproject.SRSproject.ProductDetailPageTest -->
      <class name="SRSproject.SRSproject.ProductListPageTest">
        <test-method is-config="true" signature="setUp()[pri:0, instance:SRSproject.SRSproject.ProductListPageTest@6dd7b5a3]" started-at="2022-05-11T10:12:33 IST" name="setUp" finished-at="2022-05-11T10:12:37 IST" duration-ms="3940" status="PASS">
          <reporter-output>
          </reporter-output>
        </test-method> <!-- setUp -->
        <test-method signature="PLP_RegisterRedirection_GuestValidation()[pri:1, instance:SRSproject.SRSproject.ProductListPageTest@6dd7b5a3]" started-at="2022-05-11T10:12:37 IST" name="PLP_RegisterRedirection_GuestValidation" description="Register now link redirection" finished-at="2022-05-11T10:13:07 IST" duration-ms="30341" status="PASS">
          <reporter-output>
          </reporter-output>
        </test-method> <!-- PLP_RegisterRedirection_GuestValidation -->
        <test-method signature="AddToCart_Validation()[pri:2, instance:SRSproject.SRSproject.ProductListPageTest@6dd7b5a3]" started-at="2022-05-11T10:13:07 IST" name="AddToCart_Validation" description="Adding Item to Cart" finished-at="2022-05-11T10:14:04 IST" duration-ms="57133" status="PASS">
          <reporter-output>
          </reporter-output>
        </test-method> <!-- AddToCart_Validation -->
      </class> <!-- SRSproject.SRSproject.ProductListPageTest -->
    </test> <!-- Test -->
  </suite> <!-- Suite -->
</testng-results>
