<?xml version="1.0" encoding="UTF-8"?>
<testng-results skipped="0" failed="0" ignored="0" total="6" passed="6">
  <reporter-output>
    <line>
      <![CDATA[Items price is same in PDP and Cart Page i.e Cart Price : 10.2 = PDP Price : 10.2]]>
    </line>
    <line>
      <![CDATA[Items are added from cart to Reorder List selected]]>
    </line>
  </reporter-output>
  <suite name="Suite" duration-ms="143501" started-at="2022-05-16T17:09:21 IST" finished-at="2022-05-16T17:11:45 IST">
    <groups>
    </groups>
    <test name="Test" duration-ms="143501" started-at="2022-05-16T17:09:21 IST" finished-at="2022-05-16T17:11:45 IST">
      <class name="SRSproject.SRSproject.CartPageTest">
        <test-method status="PASS" signature="setUp()[pri:0, instance:SRSproject.SRSproject.CartPageTest@3ec300f1]" name="setUp" is-config="true" duration-ms="6972" started-at="2022-05-16T17:09:14 IST" finished-at="2022-05-16T17:09:21 IST">
          <reporter-output>
          </reporter-output>
        </test-method> <!-- setUp -->
        <test-method status="PASS" signature="MiniCartToCartPage_Redirection()[pri:1, instance:SRSproject.SRSproject.CartPageTest@3ec300f1]" name="MiniCartToCartPage_Redirection" duration-ms="57270" started-at="2022-05-16T17:09:21 IST" description="Minicart to cartpage redirection" finished-at="2022-05-16T17:10:18 IST">
          <reporter-output>
          </reporter-output>
        </test-method> <!-- MiniCartToCartPage_Redirection -->
        <test-method status="PASS" signature="ProductInformationValidation()[pri:2, instance:SRSproject.SRSproject.CartPageTest@3ec300f1]" name="ProductInformationValidation" duration-ms="25793" started-at="2022-05-16T17:10:18 IST" description="Pricing validaiton" finished-at="2022-05-16T17:10:44 IST">
          <reporter-output>
            <line>
              <![CDATA[Items price is same in PDP and Cart Page i.e Cart Price : 10.2 = PDP Price : 10.2]]>
            </line>
          </reporter-output>
        </test-method> <!-- ProductInformationValidation -->
        <test-method status="PASS" signature="CartSubtotalValidationfn()[pri:3, instance:SRSproject.SRSproject.CartPageTest@3ec300f1]" name="CartSubtotalValidationfn" duration-ms="264" started-at="2022-05-16T17:10:44 IST" description="Subtotal validation" finished-at="2022-05-16T17:10:44 IST">
          <reporter-output>
          </reporter-output>
        </test-method> <!-- CartSubtotalValidationfn -->
        <test-method status="PASS" signature="CartUpdateValidation()[pri:4, instance:SRSproject.SRSproject.CartPageTest@3ec300f1]" name="CartUpdateValidation" duration-ms="8317" started-at="2022-05-16T17:10:44 IST" description="Updating cart Validation" finished-at="2022-05-16T17:10:53 IST">
          <reporter-output>
          </reporter-output>
        </test-method> <!-- CartUpdateValidation -->
        <test-method status="PASS" signature="AddItemToCart_Validation()[pri:5, instance:SRSproject.SRSproject.CartPageTest@3ec300f1]" name="AddItemToCart_Validation" duration-ms="28401" started-at="2022-05-16T17:10:53 IST" description="Adding item to cart using search option in cart page" finished-at="2022-05-16T17:11:21 IST">
          <reporter-output>
          </reporter-output>
        </test-method> <!-- AddItemToCart_Validation -->
        <test-method status="PASS" signature="Reorder_Validation()[pri:6, instance:SRSproject.SRSproject.CartPageTest@3ec300f1]" name="Reorder_Validation" duration-ms="23423" started-at="2022-05-16T17:11:21 IST" description="Adding items to an reorder list" finished-at="2022-05-16T17:11:45 IST">
          <reporter-output>
            <line>
              <![CDATA[Items are added from cart to Reorder List selected]]>
            </line>
          </reporter-output>
        </test-method> <!-- Reorder_Validation -->
      </class> <!-- SRSproject.SRSproject.CartPageTest -->
    </test> <!-- Test -->
  </suite> <!-- Suite -->
</testng-results>
