<?xml version="1.0" encoding="UTF-8"?>
<testng-results skipped="0" failed="0" ignored="0" total="1" passed="1">
  <reporter-output>
  </reporter-output>
  <suite name="Default suite" duration-ms="33923" started-at="2022-05-17T10:40:41 IST" finished-at="2022-05-17T10:41:15 IST">
    <groups>
    </groups>
    <test name="Default test" duration-ms="33923" started-at="2022-05-17T10:40:41 IST" finished-at="2022-05-17T10:41:15 IST">
      <class name="SRSproject.SRSproject.ProductListPageTest">
        <test-method status="PASS" signature="setUp()[pri:0, instance:SRSproject.SRSproject.ProductListPageTest@16f7c8c1]" name="setUp" is-config="true" duration-ms="6967" started-at="2022-05-17T10:40:34 IST" finished-at="2022-05-17T10:40:41 IST">
          <reporter-output>
          </reporter-output>
        </test-method> <!-- setUp -->
        <test-method status="PASS" signature="PLP_RegisterRedirection_GuestValidation()[pri:1, instance:SRSproject.SRSproject.ProductListPageTest@16f7c8c1]" name="PLP_RegisterRedirection_GuestValidation" duration-ms="33898" started-at="2022-05-17T10:40:41 IST" description="Register now link redirection" finished-at="2022-05-17T10:41:15 IST">
          <reporter-output>
          </reporter-output>
        </test-method> <!-- PLP_RegisterRedirection_GuestValidation -->
      </class> <!-- SRSproject.SRSproject.ProductListPageTest -->
    </test> <!-- Default test -->
  </suite> <!-- Default suite -->
</testng-results>
