<?xml version="1.0" encoding="UTF-8"?>
<testng-results skipped="0" failed="0" ignored="1" total="6" passed="5">
  <reporter-output>
  </reporter-output>
  <suite name="Default suite" duration-ms="409377" started-at="2022-06-22T15:57:36 IST" finished-at="2022-06-22T16:04:26 IST">
    <groups>
    </groups>
    <test name="Default test" duration-ms="409377" started-at="2022-06-22T15:57:36 IST" finished-at="2022-06-22T16:04:26 IST">
      <class name="SRSproject.SRSproject.AccountStatementTest">
        <test-method status="PASS" signature="setUp()[pri:0, instance:SRSproject.SRSproject.AccountStatementTest@b3d7190]" name="setUp" is-config="true" duration-ms="5573" started-at="2022-06-22T15:57:31 IST" finished-at="2022-06-22T15:57:36 IST">
          <reporter-output>
          </reporter-output>
        </test-method> <!-- setUp -->
        <test-method status="PASS" signature="Account()[pri:1, instance:SRSproject.SRSproject.AccountStatementTest@b3d7190]" name="Account" duration-ms="88449" started-at="2022-06-22T15:57:36 IST" finished-at="2022-06-22T15:59:05 IST">
          <reporter-output>
          </reporter-output>
        </test-method> <!-- Account -->
        <test-method status="PASS" signature="AccountStatementVerify()[pri:2, instance:SRSproject.SRSproject.AccountStatementTest@b3d7190]" name="AccountStatementVerify" duration-ms="76475" started-at="2022-06-22T15:59:05 IST" finished-at="2022-06-22T16:00:21 IST">
          <reporter-output>
          </reporter-output>
        </test-method> <!-- AccountStatementVerify -->
        <test-method status="PASS" signature="InvoiceIdVerify()[pri:4, instance:SRSproject.SRSproject.AccountStatementTest@b3d7190]" name="InvoiceIdVerify" duration-ms="105735" started-at="2022-06-22T16:00:21 IST" finished-at="2022-06-22T16:02:07 IST">
          <reporter-output>
          </reporter-output>
        </test-method> <!-- InvoiceIdVerify -->
        <test-method status="PASS" signature="AccountBillVerify()[pri:5, instance:SRSproject.SRSproject.AccountStatementTest@b3d7190]" name="AccountBillVerify" duration-ms="88167" started-at="2022-06-22T16:02:07 IST" finished-at="2022-06-22T16:03:35 IST">
          <reporter-output>
          </reporter-output>
        </test-method> <!-- AccountBillVerify -->
        <test-method status="PASS" signature="PageCountVerify()[pri:6, instance:SRSproject.SRSproject.AccountStatementTest@b3d7190]" name="PageCountVerify" duration-ms="49869" started-at="2022-06-22T16:03:35 IST" finished-at="2022-06-22T16:04:25 IST">
          <reporter-output>
          </reporter-output>
        </test-method> <!-- PageCountVerify -->
        <test-method status="PASS" signature="tearDown1()[pri:0, instance:SRSproject.SRSproject.AccountStatementTest@b3d7190]" name="tearDown1" is-config="true" duration-ms="653" started-at="2022-06-22T16:04:25 IST" finished-at="2022-06-22T16:04:26 IST">
          <reporter-output>
          </reporter-output>
        </test-method> <!-- tearDown1 -->
      </class> <!-- SRSproject.SRSproject.AccountStatementTest -->
    </test> <!-- Default test -->
  </suite> <!-- Default suite -->
</testng-results>
