<?xml version="1.0" encoding="UTF-8"?>
<testng-results ignored="0" total="2" passed="2" failed="0" skipped="0">
  <reporter-output>
  </reporter-output>
  <suite started-at="2022-05-03T19:03:41 IST" name="Default suite" finished-at="2022-05-03T19:04:56 IST" duration-ms="74643">
    <groups>
    </groups>
    <test started-at="2022-05-03T19:03:41 IST" name="Default test" finished-at="2022-05-03T19:04:56 IST" duration-ms="74643">
      <class name="SRSproject.SRSproject.ChangeBranch_shipto_Test">
        <test-method is-config="true" signature="setUp()[pri:0, instance:SRSproject.SRSproject.ChangeBranch_shipto_Test@1151e434]" started-at="2022-05-03T19:03:37 IST" name="setUp" finished-at="2022-05-03T19:03:41 IST" duration-ms="4233" status="PASS">
          <reporter-output>
          </reporter-output>
        </test-method> <!-- setUp -->
        <test-method signature="Change_Shito_Validation()[pri:1, instance:SRSproject.SRSproject.ChangeBranch_shipto_Test@1151e434]" started-at="2022-05-03T19:03:41 IST" name="Change_Shito_Validation" description="Changing Shipto" finished-at="2022-05-03T19:04:38 IST" duration-ms="56851" status="PASS">
          <reporter-output>
          </reporter-output>
        </test-method> <!-- Change_Shito_Validation -->
        <test-method signature="ChangeBranch_Validation()[pri:2, instance:SRSproject.SRSproject.ChangeBranch_shipto_Test@1151e434]" started-at="2022-05-03T19:04:38 IST" name="ChangeBranch_Validation" description="Changing Branch" finished-at="2022-05-03T19:04:56 IST" duration-ms="17769" status="PASS">
          <reporter-output>
          </reporter-output>
        </test-method> <!-- ChangeBranch_Validation -->
      </class> <!-- SRSproject.SRSproject.ChangeBranch_shipto_Test -->
    </test> <!-- Default test -->
  </suite> <!-- Default suite -->
</testng-results>
