<?xml version="1.0" encoding="UTF-8"?>
<testng-results skipped="0" failed="1" ignored="1" total="6" passed="4">
  <reporter-output>
  </reporter-output>
  <suite name="Suite" duration-ms="180129" started-at="2022-06-29T10:21:45 IST" finished-at="2022-06-29T10:24:45 IST">
    <groups>
    </groups>
    <test name="Test" duration-ms="180129" started-at="2022-06-29T10:21:45 IST" finished-at="2022-06-29T10:24:45 IST">
      <class name="SRSproject.SRSproject.BrandPageTest">
        <test-method status="PASS" signature="setUp()[pri:0, instance:SRSproject.SRSproject.BrandPageTest@2aece37d]" name="setUp" is-config="true" duration-ms="12743" started-at="2022-06-29T10:21:32 IST" finished-at="2022-06-29T10:21:45 IST">
          <reporter-output>
          </reporter-output>
        </test-method> <!-- setUp -->
        <test-method status="PASS" signature="BandsHeaderValid()[pri:1, instance:SRSproject.SRSproject.BrandPageTest@2aece37d]" name="BandsHeaderValid" duration-ms="70582" started-at="2022-06-29T10:21:45 IST" finished-at="2022-06-29T10:22:56 IST">
          <reporter-output>
          </reporter-output>
        </test-method> <!-- BandsHeaderValid -->
        <test-method status="FAIL" signature="allBrandsValid()[pri:2, instance:SRSproject.SRSproject.BrandPageTest@2aece37d]" name="allBrandsValid" duration-ms="27924" started-at="2022-06-29T10:22:56 IST" finished-at="2022-06-29T10:23:24 IST">
          <exception class="java.lang.AssertionError">
            <message>
              <![CDATA[expected [https://wcc.heritageplus.com/brands/basf] but found [https://nfi.heritageplus.com/brands/basf]]]>
            </message>
            <full-stacktrace>
              <![CDATA[java.lang.AssertionError: expected [https://wcc.heritageplus.com/brands/basf] but found [https://nfi.heritageplus.com/brands/basf]
at org.testng.Assert.fail(Assert.java:99)
at org.testng.Assert.failNotEquals(Assert.java:1037)
at org.testng.Assert.assertEqualsImpl(Assert.java:140)
at org.testng.Assert.assertEquals(Assert.java:122)
at org.testng.Assert.assertEquals(Assert.java:617)
at SRSproject.SRSproject.BrandPageTest.allBrandsValid(BrandPageTest.java:58)
at sun.reflect.NativeMethodAccessorImpl.invoke0(Native Method)
at sun.reflect.NativeMethodAccessorImpl.invoke(NativeMethodAccessorImpl.java:62)
at sun.reflect.DelegatingMethodAccessorImpl.invoke(DelegatingMethodAccessorImpl.java:43)
at java.lang.reflect.Method.invoke(Method.java:498)
at org.testng.internal.MethodInvocationHelper.invokeMethod(MethodInvocationHelper.java:132)
at org.testng.internal.TestInvoker.invokeMethod(TestInvoker.java:599)
at org.testng.internal.TestInvoker.invokeTestMethod(TestInvoker.java:174)
at org.testng.internal.MethodRunner.runInSequence(MethodRunner.java:46)
at org.testng.internal.TestInvoker$MethodInvocationAgent.invoke(TestInvoker.java:822)
at org.testng.internal.TestInvoker.invokeTestMethods(TestInvoker.java:147)
at org.testng.internal.TestMethodWorker.invokeTestMethods(TestMethodWorker.java:146)
at org.testng.internal.TestMethodWorker.run(TestMethodWorker.java:128)
at java.util.ArrayList.forEach(ArrayList.java:1255)
at org.testng.TestRunner.privateRun(TestRunner.java:764)
at org.testng.TestRunner.run(TestRunner.java:585)
at org.testng.SuiteRunner.runTest(SuiteRunner.java:384)
at org.testng.SuiteRunner.runSequentially(SuiteRunner.java:378)
at org.testng.SuiteRunner.privateRun(SuiteRunner.java:337)
at org.testng.SuiteRunner.run(SuiteRunner.java:286)
at org.testng.SuiteRunnerWorker.runSuite(SuiteRunnerWorker.java:53)
at org.testng.SuiteRunnerWorker.run(SuiteRunnerWorker.java:96)
at org.testng.TestNG.runSuitesSequentially(TestNG.java:1218)
at org.testng.TestNG.runSuitesLocally(TestNG.java:1140)
at org.testng.TestNG.runSuites(TestNG.java:1069)
at org.testng.TestNG.run(TestNG.java:1037)
at org.testng.remote.AbstractRemoteTestNG.run(AbstractRemoteTestNG.java:115)
at org.testng.remote.RemoteTestNG.initAndRun(RemoteTestNG.java:251)
at org.testng.remote.RemoteTestNG.main(RemoteTestNG.java:77)
]]>
            </full-stacktrace>
          </exception> <!-- java.lang.AssertionError -->
          <reporter-output>
          </reporter-output>
        </test-method> <!-- allBrandsValid -->
        <test-method status="PASS" signature="SearchBrandName()[pri:3, instance:SRSproject.SRSproject.BrandPageTest@2aece37d]" name="SearchBrandName" duration-ms="25062" started-at="2022-06-29T10:23:24 IST" finished-at="2022-06-29T10:23:49 IST">
          <reporter-output>
          </reporter-output>
        </test-method> <!-- SearchBrandName -->
        <test-method status="PASS" signature="SearchBrandNamePCS()[pri:4, instance:SRSproject.SRSproject.BrandPageTest@2aece37d]" name="SearchBrandNamePCS" duration-ms="24442" started-at="2022-06-29T10:23:49 IST" finished-at="2022-06-29T10:24:13 IST">
          <reporter-output>
          </reporter-output>
        </test-method> <!-- SearchBrandNamePCS -->
        <test-method status="PASS" signature="SearchBrandNameQPS()[pri:6, instance:SRSproject.SRSproject.BrandPageTest@2aece37d]" name="SearchBrandNameQPS" duration-ms="32079" started-at="2022-06-29T10:24:13 IST" finished-at="2022-06-29T10:24:45 IST">
          <reporter-output>
          </reporter-output>
        </test-method> <!-- SearchBrandNameQPS -->
      </class> <!-- SRSproject.SRSproject.BrandPageTest -->
    </test> <!-- Test -->
  </suite> <!-- Suite -->
</testng-results>
