<?xml version="1.0" encoding="UTF-8"?>
<testng-results ignored="0" total="3" passed="3" failed="0" skipped="0">
  <reporter-output>
  </reporter-output>
  <suite started-at="2022-07-20T13:40:38 IST" name="Suite" finished-at="2022-07-20T13:43:36 IST" duration-ms="178170">
    <groups>
    </groups>
    <test started-at="2022-07-20T13:40:38 IST" name="Test" finished-at="2022-07-20T13:43:36 IST" duration-ms="178170">
      <class name="SRSproject.SRSproject.BulkOrderPageTest100">
        <test-method is-config="true" signature="beforeClass()[pri:0, instance:SRSproject.SRSproject.BulkOrderPageTest100@4bc222e]" started-at="2022-07-20T13:40:38 IST" name="beforeClass" finished-at="2022-07-20T13:40:43 IST" duration-ms="5030" status="PASS">
          <reporter-output>
          </reporter-output>
        </test-method> <!-- beforeClass -->
        <test-method signature="BulOrder_Redirection()[pri:1, instance:SRSproject.SRSproject.BulkOrderPageTest100@4bc222e]" started-at="2022-07-20T13:40:43 IST" name="BulOrder_Redirection" finished-at="2022-07-20T13:41:06 IST" duration-ms="22731" status="PASS">
          <reporter-output>
          </reporter-output>
        </test-method> <!-- BulOrder_Redirection -->
        <test-method signature="ListofItem_Validation()[pri:2, instance:SRSproject.SRSproject.BulkOrderPageTest100@4bc222e]" started-at="2022-07-20T13:41:06 IST" name="ListofItem_Validation" finished-at="2022-07-20T13:42:20 IST" duration-ms="74424" status="PASS">
          <reporter-output>
          </reporter-output>
        </test-method> <!-- ListofItem_Validation -->
        <test-method signature="MoreItems_Validation()[pri:3, instance:SRSproject.SRSproject.BulkOrderPageTest100@4bc222e]" started-at="2022-07-20T13:42:20 IST" name="MoreItems_Validation" finished-at="2022-07-20T13:43:36 IST" duration-ms="75950" status="PASS">
          <reporter-output>
          </reporter-output>
        </test-method> <!-- MoreItems_Validation -->
      </class> <!-- SRSproject.SRSproject.BulkOrderPageTest100 -->
    </test> <!-- Test -->
  </suite> <!-- Suite -->
</testng-results>
